<?xml version="1.0" encoding="UTF-8"?>
<testng-results skipped="15" failed="0" total="18" passed="3">
  <reporter-output>
  </reporter-output>
  <suite name="Grid-Profile" duration-ms="15826" started-at="2012-08-14T11:44:51Z" finished-at="2012-08-14T11:45:07Z">
    <groups>
    </groups>
    <test name="GoogleChrome" duration-ms="8626" started-at="2012-08-14T11:44:51Z" finished-at="2012-08-14T11:45:00Z">
      <class name="com.qmetric.tests.PageOneUITest">
        <test-method status="PASS" signature="setUp(java.lang.String, int, java.lang.String, java.lang.String, java.lang.String, java.lang.String)" name="setUp" is-config="true" duration-ms="2285" started-at="2012-08-14T11:44:51Z" finished-at="2012-08-14T11:44:53Z">
          <params>
            <param index="0">
              <value>
                <![CDATA[ec2-46-137-83-19.eu-west-1.compute.amazonaws.com]]>
              </value>
            </param>
            <param index="1">
              <value>
                <![CDATA[4444]]>
              </value>
            </param>
            <param index="2">
              <value>
                <![CDATA[chrome]]>
              </value>
            </param>
            <param index="3">
              <value>
                <![CDATA[uat.policyexpert.co.uk]]>
              </value>
            </param>
            <param index="4">
              <value>
                <![CDATA[http://uat.policyexpert.co.uk]]>
              </value>
            </param>
            <param index="5">
              <value>
                <![CDATA[any]]>
              </value>
            </param>
          </params>
        </test-method>
        <test-method status="FAIL" signature="getToPage1()" name="getToPage1" is-config="true" duration-ms="0" started-at="2012-08-14T11:44:53Z" finished-at="2012-08-14T11:44:53Z">
          <exception class="org.openqa.selenium.InvalidElementStateException">
            <message>
              <![CDATA[findElement execution failed;
 SYNTAX_ERR: DOM Exception 12 (WARNING: The server did not provide any stacktrace information)
Command duration or timeout: 61 milliseconds
Build info: version: '2.25.0', revision: '17482', time: '2012-07-18 21:08:56'
System info: os.name: 'Windows Server 2008 R2', os.arch: 'amd64', os.version: '6.1', java.version: '1.6.0_25'
Driver info: driver.version: EventFiringWebDriver
Session ID: f3c387b407d2980cdefd141b3d7f4302
Build info: version: '2.24.1', revision: '17205', time: '2012-06-19 15:28:49'
System info: os.name: 'Mac OS X', os.arch: 'x86_64', os.version: '10.6.8', java.version: '1.6.0_33'
Driver info: driver.version: RemoteWebDriver]]>
            </message>
            <full-stacktrace>
              <![CDATA[org.openqa.selenium.InvalidElementStateException: findElement execution failed;
 SYNTAX_ERR: DOM Exception 12 (WARNING: The server did not provide any stacktrace information)
Command duration or timeout: 61 milliseconds
Build info: version: '2.25.0', revision: '17482', time: '2012-07-18 21:08:56'
System info: os.name: 'Windows Server 2008 R2', os.arch: 'amd64', os.version: '6.1', java.version: '1.6.0_25'
Driver info: driver.version: EventFiringWebDriver
Session ID: f3c387b407d2980cdefd141b3d7f4302
Build info: version: '2.24.1', revision: '17205', time: '2012-06-19 15:28:49'
System info: os.name: 'Mac OS X', os.arch: 'x86_64', os.version: '10.6.8', java.version: '1.6.0_33'
Driver info: driver.version: RemoteWebDriver
	at sun.reflect.NativeConstructorAccessorImpl.newInstance0(Native Method)
	at sun.reflect.NativeConstructorAccessorImpl.newInstance(NativeConstructorAccessorImpl.java:39)
	at sun.reflect.DelegatingConstructorAccessorImpl.newInstance(DelegatingConstructorAccessorImpl.java:27)
	at java.lang.reflect.Constructor.newInstance(Constructor.java:513)
	at org.openqa.selenium.remote.ErrorHandler.createThrowable(ErrorHandler.java:131)
	at org.openqa.selenium.remote.ErrorHandler.throwIfResponseFailed(ErrorHandler.java:105)
	at org.openqa.selenium.remote.RemoteWebDriver.execute(RemoteWebDriver.java:409)
	at org.openqa.selenium.remote.RemoteWebDriver.findElement(RemoteWebDriver.java:197)
	at org.openqa.selenium.remote.RemoteWebDriver.findElementByCssSelector(RemoteWebDriver.java:262)
	at org.openqa.selenium.By$ByCssSelector.findElement(By.java:405)
	at org.openqa.selenium.remote.RemoteWebDriver.findElement(RemoteWebDriver.java:189)
	at org.openqa.selenium.support.pagefactory.DefaultElementLocator.findElement(DefaultElementLocator.java:59)
	at org.openqa.selenium.support.pagefactory.internal.LocatingElementHandler.invoke(LocatingElementHandler.java:34)
	at $Proxy10.click(Unknown Source)
	at com.qmetric.pages.LandingPage.clickNewEnquiry(LandingPage.java:22)
	at com.qmetric.pages.LandingPage.startNewEnquiry(LandingPage.java:26)
	at com.qmetric.tests.PageOneUITest.getToPage1(PageOneUITest.java:18)
	at sun.reflect.NativeMethodAccessorImpl.invoke0(Native Method)
	at sun.reflect.NativeMethodAccessorImpl.invoke(NativeMethodAccessorImpl.java:39)
	at sun.reflect.DelegatingMethodAccessorImpl.invoke(DelegatingMethodAccessorImpl.java:25)
	at java.lang.reflect.Method.invoke(Method.java:597)
	at org.testng.internal.MethodInvocationHelper.invokeMethod(MethodInvocationHelper.java:76)
	at org.testng.internal.Invoker.invokeConfigurationMethod(Invoker.java:525)
	at org.testng.internal.Invoker.invokeConfigurations(Invoker.java:202)
	at org.testng.internal.Invoker.invokeMethod(Invoker.java:613)
	at org.testng.internal.Invoker.invokeTestMethod(Invoker.java:846)
	at org.testng.internal.Invoker.invokeTestMethods(Invoker.java:1170)
	at org.testng.internal.TestMethodWorker.invokeTestMethods(TestMethodWorker.java:125)
	at org.testng.internal.TestMethodWorker.run(TestMethodWorker.java:109)
	at java.util.concurrent.ThreadPoolExecutor$Worker.runTask(ThreadPoolExecutor.java:886)
	at java.util.concurrent.ThreadPoolExecutor$Worker.run(ThreadPoolExecutor.java:908)
	at java.lang.Thread.run(Thread.java:680)
Caused by: org.openqa.selenium.remote.ScreenshotException: Screen shot has been taken
Build info: version: '2.24.1', revision: '17205', time: '2012-06-19 15:28:49'
System info: os.name: 'Mac OS X', os.arch: 'x86_64', os.version: '10.6.8', java.version: '1.6.0_33'
Driver info: driver.version: RemoteWebDriver
	at org.openqa.selenium.remote.ErrorHandler.throwIfResponseFailed(ErrorHandler.java:99)
	... 26 more
Caused by: org.openqa.selenium.InvalidElementStateException: findElement execution failed;
 SYNTAX_ERR: DOM Exception 12 (WARNING: The server did not provide any stacktrace information)
Command duration or timeout: 61 milliseconds
Build info: version: '2.25.0', revision: '17482', time: '2012-07-18 21:08:56'
System info: os.name: 'Windows Server 2008 R2', os.arch: 'amd64', os.version: '6.1', java.version: '1.6.0_25'
Driver info: driver.version: EventFiringWebDriver
Session ID: f3c387b407d2980cdefd141b3d7f4302
Build info: version: '2.24.1', revision: '17205', time: '2012-06-19 15:28:49'
System info: os.name: 'Mac OS X', os.arch: 'x86_64', os.version: '10.6.8', java.version: '1.6.0_33'
Driver info: driver.version: EventFiringWebDriver
	at sun.reflect.NativeConstructorAccessorImpl.newInstance0(Native Method)
	at sun.reflect.NativeConstructorAccessorImpl.newInstance(NativeConstructorAccessorImpl.java:39)
	at sun.reflect.DelegatingConstructorAccessorImpl.newInstance(DelegatingConstructorAccessorImpl.java:27)
	at java.lang.reflect.Constructor.newInstance(Constructor.java:513)
	at org.openqa.selenium.remote.ErrorHandler.createThrowable(ErrorHandler.java:188)
	at org.openqa.selenium.remote.ErrorHandler.throwIfResponseFailed(ErrorHandler.java:145)
	at org.openqa.selenium.remote.RemoteWebDriver.execute(RemoteWebDriver.java:498)
	at org.openqa.selenium.remote.RemoteWebDriver.findElement(RemoteWebDriver.java:268)
	at org.openqa.selenium.remote.RemoteWebDriver.findElementByCssSelector(RemoteWebDriver.java:345)
	at org.openqa.selenium.By$ByCssSelector.findElement(By.java:406)
	at org.openqa.selenium.remote.RemoteWebDriver.findElement(RemoteWebDriver.java:260)
	at sun.reflect.GeneratedMethodAccessor20.invoke(Unknown Source)
	at sun.reflect.DelegatingMethodAccessorImpl.invoke(DelegatingMethodAccessorImpl.java:25)
	at java.lang.reflect.Method.invoke(Method.java:597)
	at org.openqa.selenium.support.events.EventFiringWebDriver$2.invoke(EventFiringWebDriver.java:101)
	at $Proxy1.findElement(Unknown Source)
	at org.openqa.selenium.support.events.EventFiringWebDriver.findElement(EventFiringWebDriver.java:180)
	at org.openqa.selenium.remote.server.handler.FindElement.call(FindElement.java:47)
	at org.openqa.selenium.remote.server.handler.FindElement.call(FindElement.java:1)
	at java.util.concurrent.FutureTask$Sync.innerRun(FutureTask.java:303)
	at java.util.concurrent.FutureTask.run(FutureTask.java:138)
	at org.openqa.selenium.remote.server.DefaultSession$1.run(DefaultSession.java:150)
	at java.util.concurrent.ThreadPoolExecutor$Worker.runTask(ThreadPoolExecutor.java:886)
	at java.util.concurrent.ThreadPoolExecutor$Worker.run(ThreadPoolExecutor.java:908)
	at java.lang.Thread.run(Thread.java:662)
]]>
            </full-stacktrace>
          </exception>
        </test-method>
        <test-method status="SKIP" signature="testAddressSearch()" name="testAddressSearch" duration-ms="0" started-at="2012-08-14T11:44:55Z" finished-at="2012-08-14T11:44:55Z">
        </test-method>
        <test-method status="SKIP" signature="testPropertyTypeDropDowns()" name="testPropertyTypeDropDowns" duration-ms="0" started-at="2012-08-14T11:44:55Z" finished-at="2012-08-14T11:44:55Z">
        </test-method>
        <test-method status="SKIP" signature="getToPage1()" name="getToPage1" is-config="true" duration-ms="0" started-at="2012-08-14T11:44:55Z" finished-at="2012-08-14T11:44:55Z">
        </test-method>
        <test-method status="SKIP" signature="testAddressSearchValidationText()" name="testAddressSearchValidationText" duration-ms="0" started-at="2012-08-14T11:44:55Z" finished-at="2012-08-14T11:44:55Z">
        </test-method>
        <test-method status="SKIP" signature="getToPage1()" name="getToPage1" is-config="true" duration-ms="0" started-at="2012-08-14T11:44:55Z" finished-at="2012-08-14T11:44:55Z">
        </test-method>
        <test-method status="SKIP" signature="testPageTitle()" name="testPageTitle" duration-ms="0" started-at="2012-08-14T11:44:55Z" finished-at="2012-08-14T11:44:55Z">
        </test-method>
        <test-method status="SKIP" signature="getToPage1()" name="getToPage1" is-config="true" duration-ms="0" started-at="2012-08-14T11:44:55Z" finished-at="2012-08-14T11:44:55Z">
        </test-method>
        <test-method status="SKIP" signature="testAddressManualEdit()" name="testAddressManualEdit" duration-ms="0" started-at="2012-08-14T11:44:55Z" finished-at="2012-08-14T11:44:55Z">
        </test-method>
        <test-method status="PASS" signature="tearDown()" name="tearDown" is-config="true" duration-ms="1215" started-at="2012-08-14T11:44:55Z" finished-at="2012-08-14T11:44:56Z">
        </test-method>
        <test-method status="SKIP" signature="getToPage1()" name="getToPage1" is-config="true" duration-ms="0" started-at="2012-08-14T11:44:55Z" finished-at="2012-08-14T11:44:55Z">
        </test-method>
      </class>
      <class name="com.qmetric.tests.LandingPageTest">
        <test-method status="PASS" signature="setUp(java.lang.String, int, java.lang.String, java.lang.String, java.lang.String, java.lang.String)" name="setUp" is-config="true" duration-ms="6742" started-at="2012-08-14T11:44:51Z" finished-at="2012-08-14T11:44:58Z">
          <params>
            <param index="0">
              <value>
                <![CDATA[ec2-46-137-83-19.eu-west-1.compute.amazonaws.com]]>
              </value>
            </param>
            <param index="1">
              <value>
                <![CDATA[4444]]>
              </value>
            </param>
            <param index="2">
              <value>
                <![CDATA[chrome]]>
              </value>
            </param>
            <param index="3">
              <value>
                <![CDATA[uat.policyexpert.co.uk]]>
              </value>
            </param>
            <param index="4">
              <value>
                <![CDATA[http://uat.policyexpert.co.uk]]>
              </value>
            </param>
            <param index="5">
              <value>
                <![CDATA[any]]>
              </value>
            </param>
          </params>
        </test-method>
        <test-method status="PASS" signature="getToPage1()" name="getToPage1" is-config="true" duration-ms="582" started-at="2012-08-14T11:44:58Z" finished-at="2012-08-14T11:44:59Z">
        </test-method>
        <test-method status="PASS" signature="testPageTitle()" name="testPageTitle" duration-ms="111" started-at="2012-08-14T11:44:59Z" finished-at="2012-08-14T11:44:59Z">
        </test-method>
        <test-method status="PASS" signature="tearDown()" name="tearDown" is-config="true" duration-ms="1183" started-at="2012-08-14T11:44:59Z" finished-at="2012-08-14T11:45:00Z">
        </test-method>
      </class>
    </test>
    <test name="Firefox" duration-ms="8114" started-at="2012-08-14T11:44:51Z" finished-at="2012-08-14T11:44:59Z">
      <class name="com.qmetric.tests.PageOneUITest">
        <test-method status="PASS" signature="setUp(java.lang.String, int, java.lang.String, java.lang.String, java.lang.String, java.lang.String)" name="setUp" is-config="true" duration-ms="5790" started-at="2012-08-14T11:44:51Z" finished-at="2012-08-14T11:44:57Z">
          <params>
            <param index="0">
              <value>
                <![CDATA[ec2-46-137-83-19.eu-west-1.compute.amazonaws.com]]>
              </value>
            </param>
            <param index="1">
              <value>
                <![CDATA[4444]]>
              </value>
            </param>
            <param index="2">
              <value>
                <![CDATA[firefox]]>
              </value>
            </param>
            <param index="3">
              <value>
                <![CDATA[uat.policyexpert.co.uk]]>
              </value>
            </param>
            <param index="4">
              <value>
                <![CDATA[http://uat.policyexpert.co.uk]]>
              </value>
            </param>
            <param index="5">
              <value>
                <![CDATA[any]]>
              </value>
            </param>
          </params>
        </test-method>
        <test-method status="FAIL" signature="getToPage1()" name="getToPage1" is-config="true" duration-ms="0" started-at="2012-08-14T11:44:57Z" finished-at="2012-08-14T11:44:57Z">
          <exception class="org.openqa.selenium.InvalidSelectorException">
            <message>
              <![CDATA[The given selector //button[@type='submit'] is either invalid or does not result in a WebElement. The following error occurred:
[Exception... "An invalid or illegal string was specified"  code: "12" nsresult: "0x8053000c (NS_ERROR_DOM_SYNTAX_ERR)"  location: "file:///C:/Users/ADMINI~1/AppData/Local/Temp/anonymous1625410346955330381webdriver-profile/extensions/fxdriver@googlecode.com/components/driver_component.js Line: 5993"]
Command duration or timeout: 15 milliseconds
For documentation on this error, please visit: http://seleniumhq.org/exceptions/invalid_selector_exception.html
Build info: version: '2.25.0', revision: '17482', time: '2012-07-18 21:08:56'
System info: os.name: 'Windows Server 2008 R2', os.arch: 'amd64', os.version: '6.1', java.version: '1.6.0_25'
Driver info: driver.version: EventFiringWebDriver
Session ID: 04c6e461-94a6-4de3-a58b-5696b0abdf0f
For documentation on this error, please visit: http://seleniumhq.org/exceptions/invalid_selector_exception.html
Build info: version: '2.24.1', revision: '17205', time: '2012-06-19 15:28:49'
System info: os.name: 'Mac OS X', os.arch: 'x86_64', os.version: '10.6.8', java.version: '1.6.0_33'
Driver info: driver.version: RemoteWebDriver]]>
            </message>
            <full-stacktrace>
              <![CDATA[org.openqa.selenium.InvalidSelectorException: The given selector //button[@type='submit'] is either invalid or does not result in a WebElement. The following error occurred:
[Exception... "An invalid or illegal string was specified"  code: "12" nsresult: "0x8053000c (NS_ERROR_DOM_SYNTAX_ERR)"  location: "file:///C:/Users/ADMINI~1/AppData/Local/Temp/anonymous1625410346955330381webdriver-profile/extensions/fxdriver@googlecode.com/components/driver_component.js Line: 5993"]
Command duration or timeout: 15 milliseconds
For documentation on this error, please visit: http://seleniumhq.org/exceptions/invalid_selector_exception.html
Build info: version: '2.25.0', revision: '17482', time: '2012-07-18 21:08:56'
System info: os.name: 'Windows Server 2008 R2', os.arch: 'amd64', os.version: '6.1', java.version: '1.6.0_25'
Driver info: driver.version: EventFiringWebDriver
Session ID: 04c6e461-94a6-4de3-a58b-5696b0abdf0f
For documentation on this error, please visit: http://seleniumhq.org/exceptions/invalid_selector_exception.html
Build info: version: '2.24.1', revision: '17205', time: '2012-06-19 15:28:49'
System info: os.name: 'Mac OS X', os.arch: 'x86_64', os.version: '10.6.8', java.version: '1.6.0_33'
Driver info: driver.version: RemoteWebDriver
	at sun.reflect.NativeConstructorAccessorImpl.newInstance0(Native Method)
	at sun.reflect.NativeConstructorAccessorImpl.newInstance(NativeConstructorAccessorImpl.java:39)
	at sun.reflect.DelegatingConstructorAccessorImpl.newInstance(DelegatingConstructorAccessorImpl.java:27)
	at java.lang.reflect.Constructor.newInstance(Constructor.java:513)
	at org.openqa.selenium.remote.ErrorHandler.createThrowable(ErrorHandler.java:131)
	at org.openqa.selenium.remote.ErrorHandler.throwIfResponseFailed(ErrorHandler.java:105)
	at org.openqa.selenium.remote.RemoteWebDriver.execute(RemoteWebDriver.java:409)
	at org.openqa.selenium.remote.RemoteWebDriver.findElement(RemoteWebDriver.java:197)
	at org.openqa.selenium.remote.RemoteWebDriver.findElementByCssSelector(RemoteWebDriver.java:262)
	at org.openqa.selenium.By$ByCssSelector.findElement(By.java:405)
	at org.openqa.selenium.remote.RemoteWebDriver.findElement(RemoteWebDriver.java:189)
	at org.openqa.selenium.support.pagefactory.DefaultElementLocator.findElement(DefaultElementLocator.java:59)
	at org.openqa.selenium.support.pagefactory.internal.LocatingElementHandler.invoke(LocatingElementHandler.java:34)
	at $Proxy10.click(Unknown Source)
	at com.qmetric.pages.LandingPage.clickNewEnquiry(LandingPage.java:22)
	at com.qmetric.pages.LandingPage.startNewEnquiry(LandingPage.java:26)
	at com.qmetric.tests.PageOneUITest.getToPage1(PageOneUITest.java:18)
	at sun.reflect.NativeMethodAccessorImpl.invoke0(Native Method)
	at sun.reflect.NativeMethodAccessorImpl.invoke(NativeMethodAccessorImpl.java:39)
	at sun.reflect.DelegatingMethodAccessorImpl.invoke(DelegatingMethodAccessorImpl.java:25)
	at java.lang.reflect.Method.invoke(Method.java:597)
	at org.testng.internal.MethodInvocationHelper.invokeMethod(MethodInvocationHelper.java:76)
	at org.testng.internal.Invoker.invokeConfigurationMethod(Invoker.java:525)
	at org.testng.internal.Invoker.invokeConfigurations(Invoker.java:202)
	at org.testng.internal.Invoker.invokeMethod(Invoker.java:613)
	at org.testng.internal.Invoker.invokeTestMethod(Invoker.java:846)
	at org.testng.internal.Invoker.invokeTestMethods(Invoker.java:1170)
	at org.testng.internal.TestMethodWorker.invokeTestMethods(TestMethodWorker.java:125)
	at org.testng.internal.TestMethodWorker.run(TestMethodWorker.java:109)
	at java.util.concurrent.ThreadPoolExecutor$Worker.runTask(ThreadPoolExecutor.java:886)
	at java.util.concurrent.ThreadPoolExecutor$Worker.run(ThreadPoolExecutor.java:908)
	at java.lang.Thread.run(Thread.java:680)
Caused by: org.openqa.selenium.remote.ScreenshotException: Screen shot has been taken
Build info: version: '2.24.1', revision: '17205', time: '2012-06-19 15:28:49'
System info: os.name: 'Mac OS X', os.arch: 'x86_64', os.version: '10.6.8', java.version: '1.6.0_33'
Driver info: driver.version: RemoteWebDriver
	at org.openqa.selenium.remote.ErrorHandler.throwIfResponseFailed(ErrorHandler.java:99)
	... 26 more
Caused by: org.openqa.selenium.InvalidSelectorException: The given selector //button[@type='submit'] is either invalid or does not result in a WebElement. The following error occurred:
[Exception... "An invalid or illegal string was specified"  code: "12" nsresult: "0x8053000c (NS_ERROR_DOM_SYNTAX_ERR)"  location: "file:///C:/Users/ADMINI~1/AppData/Local/Temp/anonymous1625410346955330381webdriver-profile/extensions/fxdriver@googlecode.com/components/driver_component.js Line: 5993"]
Command duration or timeout: 15 milliseconds
For documentation on this error, please visit: http://seleniumhq.org/exceptions/invalid_selector_exception.html
Build info: version: '2.25.0', revision: '17482', time: '2012-07-18 21:08:56'
System info: os.name: 'Windows Server 2008 R2', os.arch: 'amd64', os.version: '6.1', java.version: '1.6.0_25'
Driver info: driver.version: EventFiringWebDriver
Session ID: 04c6e461-94a6-4de3-a58b-5696b0abdf0f
For documentation on this error, please visit: http://seleniumhq.org/exceptions/invalid_selector_exception.html
Build info: version: '2.24.1', revision: '17205', time: '2012-06-19 15:28:49'
System info: os.name: 'Mac OS X', os.arch: 'x86_64', os.version: '10.6.8', java.version: '1.6.0_33'
Driver info: driver.version: EventFiringWebDriver
	at sun.reflect.NativeConstructorAccessorImpl.newInstance0(Native Method)
	at sun.reflect.NativeConstructorAccessorImpl.newInstance(NativeConstructorAccessorImpl.java:39)
	at sun.reflect.DelegatingConstructorAccessorImpl.newInstance(DelegatingConstructorAccessorImpl.java:27)
	at java.lang.reflect.Constructor.newInstance(Constructor.java:513)
	at org.openqa.selenium.remote.ErrorHandler.createThrowable(ErrorHandler.java:188)
	at org.openqa.selenium.remote.ErrorHandler.throwIfResponseFailed(ErrorHandler.java:145)
	at org.openqa.selenium.remote.RemoteWebDriver.execute(RemoteWebDriver.java:498)
	at org.openqa.selenium.remote.RemoteWebDriver.findElement(RemoteWebDriver.java:268)
	at org.openqa.selenium.remote.RemoteWebDriver.findElementByCssSelector(RemoteWebDriver.java:345)
	at org.openqa.selenium.By$ByCssSelector.findElement(By.java:406)
	at org.openqa.selenium.remote.RemoteWebDriver.findElement(RemoteWebDriver.java:260)
	at sun.reflect.GeneratedMethodAccessor20.invoke(Unknown Source)
	at sun.reflect.DelegatingMethodAccessorImpl.invoke(DelegatingMethodAccessorImpl.java:25)
	at java.lang.reflect.Method.invoke(Method.java:597)
	at org.openqa.selenium.support.events.EventFiringWebDriver$2.invoke(EventFiringWebDriver.java:101)
	at $Proxy1.findElement(Unknown Source)
	at org.openqa.selenium.support.events.EventFiringWebDriver.findElement(EventFiringWebDriver.java:180)
	at org.openqa.selenium.remote.server.handler.FindElement.call(FindElement.java:47)
	at org.openqa.selenium.remote.server.handler.FindElement.call(FindElement.java:1)
	at java.util.concurrent.FutureTask$Sync.innerRun(FutureTask.java:303)
	at java.util.concurrent.FutureTask.run(FutureTask.java:138)
	at org.openqa.selenium.remote.server.DefaultSession$1.run(DefaultSession.java:150)
	at java.util.concurrent.ThreadPoolExecutor$Worker.runTask(ThreadPoolExecutor.java:886)
	at java.util.concurrent.ThreadPoolExecutor$Worker.run(ThreadPoolExecutor.java:908)
	at java.lang.Thread.run(Thread.java:662)
]]>
            </full-stacktrace>
          </exception>
        </test-method>
        <test-method status="SKIP" signature="testAddressSearch()" name="testAddressSearch" duration-ms="0" started-at="2012-08-14T11:44:59Z" finished-at="2012-08-14T11:44:59Z">
        </test-method>
        <test-method status="SKIP" signature="getToPage1()" name="getToPage1" is-config="true" duration-ms="0" started-at="2012-08-14T11:44:59Z" finished-at="2012-08-14T11:44:59Z">
        </test-method>
        <test-method status="SKIP" signature="testAddressSearchValidationText()" name="testAddressSearchValidationText" duration-ms="0" started-at="2012-08-14T11:44:59Z" finished-at="2012-08-14T11:44:59Z">
        </test-method>
        <test-method status="SKIP" signature="getToPage1()" name="getToPage1" is-config="true" duration-ms="0" started-at="2012-08-14T11:44:59Z" finished-at="2012-08-14T11:44:59Z">
        </test-method>
        <test-method status="SKIP" signature="testPropertyTypeDropDowns()" name="testPropertyTypeDropDowns" duration-ms="0" started-at="2012-08-14T11:44:59Z" finished-at="2012-08-14T11:44:59Z">
        </test-method>
        <test-method status="SKIP" signature="testPageTitle()" name="testPageTitle" duration-ms="0" started-at="2012-08-14T11:44:59Z" finished-at="2012-08-14T11:44:59Z">
        </test-method>
        <test-method status="SKIP" signature="getToPage1()" name="getToPage1" is-config="true" duration-ms="0" started-at="2012-08-14T11:44:59Z" finished-at="2012-08-14T11:44:59Z">
        </test-method>
        <test-method status="SKIP" signature="getToPage1()" name="getToPage1" is-config="true" duration-ms="0" started-at="2012-08-14T11:44:59Z" finished-at="2012-08-14T11:44:59Z">
        </test-method>
        <test-method status="PASS" signature="tearDown()" name="tearDown" is-config="true" duration-ms="559" started-at="2012-08-14T11:44:59Z" finished-at="2012-08-14T11:44:59Z">
        </test-method>
        <test-method status="SKIP" signature="testAddressManualEdit()" name="testAddressManualEdit" duration-ms="0" started-at="2012-08-14T11:44:59Z" finished-at="2012-08-14T11:44:59Z">
        </test-method>
      </class>
      <class name="com.qmetric.tests.LandingPageTest">
        <test-method status="PASS" signature="setUp(java.lang.String, int, java.lang.String, java.lang.String, java.lang.String, java.lang.String)" name="setUp" is-config="true" duration-ms="2864" started-at="2012-08-14T11:44:51Z" finished-at="2012-08-14T11:44:54Z">
          <params>
            <param index="0">
              <value>
                <![CDATA[ec2-46-137-83-19.eu-west-1.compute.amazonaws.com]]>
              </value>
            </param>
            <param index="1">
              <value>
                <![CDATA[4444]]>
              </value>
            </param>
            <param index="2">
              <value>
                <![CDATA[firefox]]>
              </value>
            </param>
            <param index="3">
              <value>
                <![CDATA[uat.policyexpert.co.uk]]>
              </value>
            </param>
            <param index="4">
              <value>
                <![CDATA[http://uat.policyexpert.co.uk]]>
              </value>
            </param>
            <param index="5">
              <value>
                <![CDATA[any]]>
              </value>
            </param>
          </params>
        </test-method>
        <test-method status="PASS" signature="getToPage1()" name="getToPage1" is-config="true" duration-ms="595" started-at="2012-08-14T11:44:54Z" finished-at="2012-08-14T11:44:55Z">
        </test-method>
        <test-method status="PASS" signature="testPageTitle()" name="testPageTitle" duration-ms="78" started-at="2012-08-14T11:44:55Z" finished-at="2012-08-14T11:44:55Z">
        </test-method>
        <test-method status="PASS" signature="tearDown()" name="tearDown" is-config="true" duration-ms="145" started-at="2012-08-14T11:44:55Z" finished-at="2012-08-14T11:44:55Z">
        </test-method>
      </class>
    </test>
    <test name="InternetExplorer9" duration-ms="15826" started-at="2012-08-14T11:44:51Z" finished-at="2012-08-14T11:45:07Z">
      <class name="com.qmetric.tests.PageOneUITest">
        <test-method status="PASS" signature="setUp(java.lang.String, int, java.lang.String, java.lang.String, java.lang.String, java.lang.String)" name="setUp" is-config="true" duration-ms="4760" started-at="2012-08-14T11:44:51Z" finished-at="2012-08-14T11:44:56Z">
          <params>
            <param index="0">
              <value>
                <![CDATA[ec2-46-137-83-19.eu-west-1.compute.amazonaws.com]]>
              </value>
            </param>
            <param index="1">
              <value>
                <![CDATA[4444]]>
              </value>
            </param>
            <param index="2">
              <value>
                <![CDATA[internet explorer]]>
              </value>
            </param>
            <param index="3">
              <value>
                <![CDATA[uat.policyexpert.co.uk]]>
              </value>
            </param>
            <param index="4">
              <value>
                <![CDATA[http://uat.policyexpert.co.uk]]>
              </value>
            </param>
            <param index="5">
              <value>
                <![CDATA[9]]>
              </value>
            </param>
          </params>
        </test-method>
        <test-method status="FAIL" signature="getToPage1()" name="getToPage1" is-config="true" duration-ms="0" started-at="2012-08-14T11:44:56Z" finished-at="2012-08-14T11:44:56Z">
          <exception class="org.openqa.selenium.NoSuchElementException">
            <message>
              <![CDATA[Unable to find element with css selector == //button[@type='submit'] (WARNING: The server did not provide any stacktrace information)
Command duration or timeout: 10.15 seconds
For documentation on this error, please visit: http://seleniumhq.org/exceptions/no_such_element.html
Build info: version: '2.25.0', revision: '17482', time: '2012-07-18 21:08:56'
System info: os.name: 'Windows Server 2008 R2', os.arch: 'amd64', os.version: '6.1', java.version: '1.6.0_25'
Driver info: driver.version: EventFiringWebDriver
Session ID: b1d14394-e89f-4342-9e56-31c297e6ddac
For documentation on this error, please visit: http://seleniumhq.org/exceptions/no_such_element.html
Build info: version: '2.24.1', revision: '17205', time: '2012-06-19 15:28:49'
System info: os.name: 'Mac OS X', os.arch: 'x86_64', os.version: '10.6.8', java.version: '1.6.0_33'
Driver info: driver.version: RemoteWebDriver]]>
            </message>
            <full-stacktrace>
              <![CDATA[org.openqa.selenium.NoSuchElementException: Unable to find element with css selector == //button[@type='submit'] (WARNING: The server did not provide any stacktrace information)
Command duration or timeout: 10.15 seconds
For documentation on this error, please visit: http://seleniumhq.org/exceptions/no_such_element.html
Build info: version: '2.25.0', revision: '17482', time: '2012-07-18 21:08:56'
System info: os.name: 'Windows Server 2008 R2', os.arch: 'amd64', os.version: '6.1', java.version: '1.6.0_25'
Driver info: driver.version: EventFiringWebDriver
Session ID: b1d14394-e89f-4342-9e56-31c297e6ddac
For documentation on this error, please visit: http://seleniumhq.org/exceptions/no_such_element.html
Build info: version: '2.24.1', revision: '17205', time: '2012-06-19 15:28:49'
System info: os.name: 'Mac OS X', os.arch: 'x86_64', os.version: '10.6.8', java.version: '1.6.0_33'
Driver info: driver.version: RemoteWebDriver
	at sun.reflect.NativeConstructorAccessorImpl.newInstance0(Native Method)
	at sun.reflect.NativeConstructorAccessorImpl.newInstance(NativeConstructorAccessorImpl.java:39)
	at sun.reflect.DelegatingConstructorAccessorImpl.newInstance(DelegatingConstructorAccessorImpl.java:27)
	at java.lang.reflect.Constructor.newInstance(Constructor.java:513)
	at org.openqa.selenium.remote.ErrorHandler.createThrowable(ErrorHandler.java:131)
	at org.openqa.selenium.remote.ErrorHandler.throwIfResponseFailed(ErrorHandler.java:105)
	at org.openqa.selenium.remote.RemoteWebDriver.execute(RemoteWebDriver.java:409)
	at org.openqa.selenium.remote.RemoteWebDriver.findElement(RemoteWebDriver.java:197)
	at org.openqa.selenium.remote.RemoteWebDriver.findElementByCssSelector(RemoteWebDriver.java:262)
	at org.openqa.selenium.By$ByCssSelector.findElement(By.java:405)
	at org.openqa.selenium.remote.RemoteWebDriver.findElement(RemoteWebDriver.java:189)
	at org.openqa.selenium.support.pagefactory.DefaultElementLocator.findElement(DefaultElementLocator.java:59)
	at org.openqa.selenium.support.pagefactory.internal.LocatingElementHandler.invoke(LocatingElementHandler.java:34)
	at $Proxy10.click(Unknown Source)
	at com.qmetric.pages.LandingPage.clickNewEnquiry(LandingPage.java:22)
	at com.qmetric.pages.LandingPage.startNewEnquiry(LandingPage.java:26)
	at com.qmetric.tests.PageOneUITest.getToPage1(PageOneUITest.java:18)
	at sun.reflect.NativeMethodAccessorImpl.invoke0(Native Method)
	at sun.reflect.NativeMethodAccessorImpl.invoke(NativeMethodAccessorImpl.java:39)
	at sun.reflect.DelegatingMethodAccessorImpl.invoke(DelegatingMethodAccessorImpl.java:25)
	at java.lang.reflect.Method.invoke(Method.java:597)
	at org.testng.internal.MethodInvocationHelper.invokeMethod(MethodInvocationHelper.java:76)
	at org.testng.internal.Invoker.invokeConfigurationMethod(Invoker.java:525)
	at org.testng.internal.Invoker.invokeConfigurations(Invoker.java:202)
	at org.testng.internal.Invoker.invokeMethod(Invoker.java:613)
	at org.testng.internal.Invoker.invokeTestMethod(Invoker.java:846)
	at org.testng.internal.Invoker.invokeTestMethods(Invoker.java:1170)
	at org.testng.internal.TestMethodWorker.invokeTestMethods(TestMethodWorker.java:125)
	at org.testng.internal.TestMethodWorker.run(TestMethodWorker.java:109)
	at java.util.concurrent.ThreadPoolExecutor$Worker.runTask(ThreadPoolExecutor.java:886)
	at java.util.concurrent.ThreadPoolExecutor$Worker.run(ThreadPoolExecutor.java:908)
	at java.lang.Thread.run(Thread.java:680)
Caused by: org.openqa.selenium.remote.ScreenshotException: Screen shot has been taken
Build info: version: '2.24.1', revision: '17205', time: '2012-06-19 15:28:49'
System info: os.name: 'Mac OS X', os.arch: 'x86_64', os.version: '10.6.8', java.version: '1.6.0_33'
Driver info: driver.version: RemoteWebDriver
	at org.openqa.selenium.remote.ErrorHandler.throwIfResponseFailed(ErrorHandler.java:99)
	... 26 more
Caused by: org.openqa.selenium.NoSuchElementException: Unable to find element with css selector == //button[@type='submit'] (WARNING: The server did not provide any stacktrace information)
Command duration or timeout: 10.15 seconds
For documentation on this error, please visit: http://seleniumhq.org/exceptions/no_such_element.html
Build info: version: '2.25.0', revision: '17482', time: '2012-07-18 21:08:56'
System info: os.name: 'Windows Server 2008 R2', os.arch: 'amd64', os.version: '6.1', java.version: '1.6.0_25'
Driver info: driver.version: EventFiringWebDriver
Session ID: b1d14394-e89f-4342-9e56-31c297e6ddac
For documentation on this error, please visit: http://seleniumhq.org/exceptions/no_such_element.html
Build info: version: '2.24.1', revision: '17205', time: '2012-06-19 15:28:49'
System info: os.name: 'Mac OS X', os.arch: 'x86_64', os.version: '10.6.8', java.version: '1.6.0_33'
Driver info: driver.version: EventFiringWebDriver
	at sun.reflect.NativeConstructorAccessorImpl.newInstance0(Native Method)
	at sun.reflect.NativeConstructorAccessorImpl.newInstance(NativeConstructorAccessorImpl.java:39)
	at sun.reflect.DelegatingConstructorAccessorImpl.newInstance(DelegatingConstructorAccessorImpl.java:27)
	at java.lang.reflect.Constructor.newInstance(Constructor.java:513)
	at org.openqa.selenium.remote.ErrorHandler.createThrowable(ErrorHandler.java:188)
	at org.openqa.selenium.remote.ErrorHandler.throwIfResponseFailed(ErrorHandler.java:145)
	at org.openqa.selenium.remote.RemoteWebDriver.execute(RemoteWebDriver.java:498)
	at org.openqa.selenium.remote.RemoteWebDriver.findElement(RemoteWebDriver.java:268)
	at org.openqa.selenium.remote.RemoteWebDriver.findElementByCssSelector(RemoteWebDriver.java:345)
	at org.openqa.selenium.By$ByCssSelector.findElement(By.java:406)
	at org.openqa.selenium.remote.RemoteWebDriver.findElement(RemoteWebDriver.java:260)
	at sun.reflect.NativeMethodAccessorImpl.invoke0(Native Method)
	at sun.reflect.NativeMethodAccessorImpl.invoke(NativeMethodAccessorImpl.java:39)
	at sun.reflect.DelegatingMethodAccessorImpl.invoke(DelegatingMethodAccessorImpl.java:25)
	at java.lang.reflect.Method.invoke(Method.java:597)
	at org.openqa.selenium.support.events.EventFiringWebDriver$2.invoke(EventFiringWebDriver.java:101)
	at $Proxy2.findElement(Unknown Source)
	at org.openqa.selenium.support.events.EventFiringWebDriver.findElement(EventFiringWebDriver.java:180)
	at org.openqa.selenium.remote.server.handler.FindElement.call(FindElement.java:47)
	at org.openqa.selenium.remote.server.handler.FindElement.call(FindElement.java:1)
	at java.util.concurrent.FutureTask$Sync.innerRun(FutureTask.java:303)
	at java.util.concurrent.FutureTask.run(FutureTask.java:138)
	at org.openqa.selenium.remote.server.DefaultSession$1.run(DefaultSession.java:150)
	at java.util.concurrent.ThreadPoolExecutor$Worker.runTask(ThreadPoolExecutor.java:886)
	at java.util.concurrent.ThreadPoolExecutor$Worker.run(ThreadPoolExecutor.java:908)
	at java.lang.Thread.run(Thread.java:662)
]]>
            </full-stacktrace>
          </exception>
        </test-method>
        <test-method status="SKIP" signature="testPropertyTypeDropDowns()" name="testPropertyTypeDropDowns" duration-ms="1" started-at="2012-08-14T11:45:07Z" finished-at="2012-08-14T11:45:07Z">
        </test-method>
        <test-method status="SKIP" signature="testAddressSearch()" name="testAddressSearch" duration-ms="0" started-at="2012-08-14T11:45:07Z" finished-at="2012-08-14T11:45:07Z">
        </test-method>
        <test-method status="SKIP" signature="getToPage1()" name="getToPage1" is-config="true" duration-ms="0" started-at="2012-08-14T11:45:07Z" finished-at="2012-08-14T11:45:07Z">
        </test-method>
        <test-method status="SKIP" signature="getToPage1()" name="getToPage1" is-config="true" duration-ms="0" started-at="2012-08-14T11:45:07Z" finished-at="2012-08-14T11:45:07Z">
        </test-method>
        <test-method status="SKIP" signature="getToPage1()" name="getToPage1" is-config="true" duration-ms="0" started-at="2012-08-14T11:45:07Z" finished-at="2012-08-14T11:45:07Z">
        </test-method>
        <test-method status="SKIP" signature="testAddressSearchValidationText()" name="testAddressSearchValidationText" duration-ms="0" started-at="2012-08-14T11:45:07Z" finished-at="2012-08-14T11:45:07Z">
        </test-method>
        <test-method status="SKIP" signature="testPageTitle()" name="testPageTitle" duration-ms="1" started-at="2012-08-14T11:45:07Z" finished-at="2012-08-14T11:45:07Z">
        </test-method>
        <test-method status="SKIP" signature="testAddressManualEdit()" name="testAddressManualEdit" duration-ms="0" started-at="2012-08-14T11:45:07Z" finished-at="2012-08-14T11:45:07Z">
        </test-method>
        <test-method status="SKIP" signature="getToPage1()" name="getToPage1" is-config="true" duration-ms="0" started-at="2012-08-14T11:45:07Z" finished-at="2012-08-14T11:45:07Z">
        </test-method>
        <test-method status="PASS" signature="tearDown()" name="tearDown" is-config="true" duration-ms="268" started-at="2012-08-14T11:45:07Z" finished-at="2012-08-14T11:45:07Z">
        </test-method>
      </class>
      <class name="com.qmetric.tests.LandingPageTest">
        <test-method status="PASS" signature="setUp(java.lang.String, int, java.lang.String, java.lang.String, java.lang.String, java.lang.String)" name="setUp" is-config="true" duration-ms="2442" started-at="2012-08-14T11:44:51Z" finished-at="2012-08-14T11:44:54Z">
          <params>
            <param index="0">
              <value>
                <![CDATA[ec2-46-137-83-19.eu-west-1.compute.amazonaws.com]]>
              </value>
            </param>
            <param index="1">
              <value>
                <![CDATA[4444]]>
              </value>
            </param>
            <param index="2">
              <value>
                <![CDATA[internet explorer]]>
              </value>
            </param>
            <param index="3">
              <value>
                <![CDATA[uat.policyexpert.co.uk]]>
              </value>
            </param>
            <param index="4">
              <value>
                <![CDATA[http://uat.policyexpert.co.uk]]>
              </value>
            </param>
            <param index="5">
              <value>
                <![CDATA[9]]>
              </value>
            </param>
          </params>
        </test-method>
        <test-method status="PASS" signature="getToPage1()" name="getToPage1" is-config="true" duration-ms="506" started-at="2012-08-14T11:44:54Z" finished-at="2012-08-14T11:44:54Z">
        </test-method>
        <test-method status="PASS" signature="testPageTitle()" name="testPageTitle" duration-ms="126" started-at="2012-08-14T11:44:54Z" finished-at="2012-08-14T11:44:54Z">
        </test-method>
        <test-method status="PASS" signature="tearDown()" name="tearDown" is-config="true" duration-ms="215" started-at="2012-08-14T11:44:54Z" finished-at="2012-08-14T11:44:54Z">
        </test-method>
      </class>
    </test>
  </suite>
</testng-results>
