<?xml version="1.0" encoding="UTF-8" ?>
<testsuite failures="2" time="43.564" errors="0" skipped="20" tests="27" name="TestSuite">
  <properties>
[...]
</properties>
  <testcase time="6.303" classname="com.qmetric.tests.PageOneUITest" name="getToPage1">
    <failure message="Unable to find element with xpath == //button[@type=&apos;submit&apos;] (WARNING: The server did not provide any stacktrace information)
Command duration or timeout: 10.11 seconds
For documentation on this error, please visit: http://seleniumhq.org/exceptions/no_such_element.html
Build info: version: &apos;2.17.0&apos;, revision: &apos;15540&apos;, time: &apos;2012-01-16 16:51:46&apos;
System info: os.name: &apos;Windows 2003&apos;, os.arch: &apos;x86&apos;, os.version: &apos;5.2&apos;, java.version: &apos;1.6.0_31&apos;
Driver info: driver.version: EventFiringWebDriver
For documentation on this error, please visit: http://seleniumhq.org/exceptions/no_such_element.html
Build info: version: &apos;2.24.1&apos;, revision: &apos;17205&apos;, time: &apos;2012-06-19 15:28:49&apos;
System info: os.name: &apos;Mac OS X&apos;, os.arch: &apos;x86_64&apos;, os.version: &apos;10.6.8&apos;, java.version: &apos;1.6.0_33&apos;
Driver info: driver.version: RemoteWebDriver" type="org.openqa.selenium.NoSuchElementException">org.openqa.selenium.NoSuchElementException: Unable to find element with xpath == //button[@type=&apos;submit&apos;] (WARNING: The server did not provide any stacktrace information)
Command duration or timeout: 10.11 seconds
For documentation on this error, please visit: http://seleniumhq.org/exceptions/no_such_element.html
Build info: version: &apos;2.17.0&apos;, revision: &apos;15540&apos;, time: &apos;2012-01-16 16:51:46&apos;
System info: os.name: &apos;Windows 2003&apos;, os.arch: &apos;x86&apos;, os.version: &apos;5.2&apos;, java.version: &apos;1.6.0_31&apos;
Driver info: driver.version: EventFiringWebDriver
For documentation on this error, please visit: http://seleniumhq.org/exceptions/no_such_element.html
Build info: version: &apos;2.24.1&apos;, revision: &apos;17205&apos;, time: &apos;2012-06-19 15:28:49&apos;
System info: os.name: &apos;Mac OS X&apos;, os.arch: &apos;x86_64&apos;, os.version: &apos;10.6.8&apos;, java.version: &apos;1.6.0_33&apos;
Driver info: driver.version: RemoteWebDriver
	at sun.reflect.NativeConstructorAccessorImpl.newInstance0(Native Method)
	at sun.reflect.NativeConstructorAccessorImpl.newInstance(NativeConstructorAccessorImpl.java:39)
	at sun.reflect.DelegatingConstructorAccessorImpl.newInstance(DelegatingConstructorAccessorImpl.java:27)
	at java.lang.reflect.Constructor.newInstance(Constructor.java:513)
	at org.openqa.selenium.remote.ErrorHandler.createThrowable(ErrorHandler.java:131)
	at org.openqa.selenium.remote.ErrorHandler.throwIfResponseFailed(ErrorHandler.java:105)
	at org.openqa.selenium.remote.RemoteWebDriver.execute(RemoteWebDriver.java:409)
	at org.openqa.selenium.remote.RemoteWebDriver.findElement(RemoteWebDriver.java:197)
	at org.openqa.selenium.remote.RemoteWebDriver.findElementByXPath(RemoteWebDriver.java:270)
	at org.openqa.selenium.By$ByXPath.findElement(By.java:343)
	at org.openqa.selenium.remote.RemoteWebDriver.findElement(RemoteWebDriver.java:189)
	at org.openqa.selenium.support.pagefactory.DefaultElementLocator.findElement(DefaultElementLocator.java:59)
	at org.openqa.selenium.support.pagefactory.internal.LocatingElementHandler.invoke(LocatingElementHandler.java:34)
	at $Proxy10.click(Unknown Source)
	at com.qmetric.pages.LandingPage.clickNewEnquiry(LandingPage.java:22)
	at com.qmetric.pages.LandingPage.startNewEnquiry(LandingPage.java:26)
	at com.qmetric.tests.PageOneUITest.getToPage1(PageOneUITest.java:18)
Caused by: org.openqa.selenium.remote.ScreenshotException: Screen shot has been taken
Build info: version: &apos;2.24.1&apos;, revision: &apos;17205&apos;, time: &apos;2012-06-19 15:28:49&apos;
System info: os.name: &apos;Mac OS X&apos;, os.arch: &apos;x86_64&apos;, os.version: &apos;10.6.8&apos;, java.version: &apos;1.6.0_33&apos;
Driver info: driver.version: RemoteWebDriver
	at org.openqa.selenium.remote.ErrorHandler.throwIfResponseFailed(ErrorHandler.java:99)
	... 26 more
Caused by: org.openqa.selenium.NoSuchElementException: Unable to find element with xpath == //button[@type=&apos;submit&apos;] (WARNING: The server did not provide any stacktrace information)
Command duration or timeout: 10.11 seconds
For documentation on this error, please visit: http://seleniumhq.org/exceptions/no_such_element.html
Build info: version: &apos;2.17.0&apos;, revision: &apos;15540&apos;, time: &apos;2012-01-16 16:51:46&apos;
System info: os.name: &apos;Windows 2003&apos;, os.arch: &apos;x86&apos;, os.version: &apos;5.2&apos;, java.version: &apos;1.6.0_31&apos;
Driver info: driver.version: EventFiringWebDriver
For documentation on this error, please visit: http://seleniumhq.org/exceptions/no_such_element.html
Build info: version: &apos;2.24.1&apos;, revision: &apos;17205&apos;, time: &apos;2012-06-19 15:28:49&apos;
System info: os.name: &apos;Mac OS X&apos;, os.arch: &apos;x86_64&apos;, os.version: &apos;10.6.8&apos;, java.version: &apos;1.6.0_33&apos;
Driver info: driver.version: EventFiringWebDriver
	at sun.reflect.NativeConstructorAccessorImpl.newInstance0(Native Method)
	at sun.reflect.NativeConstructorAccessorImpl.newInstance(Unknown Source)
	at sun.reflect.DelegatingConstructorAccessorImpl.newInstance(Unknown Source)
	at java.lang.reflect.Constructor.newInstance(Unknown Source)
	at org.openqa.selenium.remote.ErrorHandler.createThrowable(ErrorHandler.java:147)
	at org.openqa.selenium.remote.ErrorHandler.throwIfResponseFailed(ErrorHandler.java:113)
	at org.openqa.selenium.remote.RemoteWebDriver.execute(RemoteWebDriver.java:439)
	at org.openqa.selenium.remote.RemoteWebDriver.findElement(RemoteWebDriver.java:226)
	at org.openqa.selenium.remote.RemoteWebDriver.findElementByXPath(RemoteWebDriver.java:299)
	at org.openqa.selenium.By$ByXPath.findElement(By.java:344)
	at org.openqa.selenium.remote.RemoteWebDriver.findElement(RemoteWebDriver.java:218)
	at sun.reflect.NativeMethodAccessorImpl.invoke0(Native Method)
	at sun.reflect.NativeMethodAccessorImpl.invoke(Unknown Source)
	at sun.reflect.DelegatingMethodAccessorImpl.invoke(Unknown Source)
	at java.lang.reflect.Method.invoke(Unknown Source)
	at org.openqa.selenium.support.events.EventFiringWebDriver$2.invoke(EventFiringWebDriver.java:100)
	at $Proxy2.findElement(Unknown Source)
	at org.openqa.selenium.support.events.EventFiringWebDriver.findElement(EventFiringWebDriver.java:179)
	at org.openqa.selenium.remote.server.handler.FindElement.call(FindElement.java:48)
	at org.openqa.selenium.remote.server.handler.FindElement.call(FindElement.java:1)
	at java.util.concurrent.FutureTask$Sync.innerRun(Unknown Source)
	at java.util.concurrent.FutureTask.run(Unknown Source)
	at java.util.concurrent.ThreadPoolExecutor$Worker.runTask(Unknown Source)
	at java.util.concurrent.ThreadPoolExecutor$Worker.run(Unknown Source)
	at java.lang.Thread.run(Unknown Source)
</failure>
    <system-out>@HL
@HL-------------------------------------------------------
@HL T E S T S
@HL-------------------------------------------------------
@SLRunning TestSuite
</system-out>
  </testcase>
  <testcase time="0" classname="com.qmetric.tests.PageOneUITest" name="testAddressSearch">
    <skipped/>
  </testcase>
  <testcase time="0.001" classname="com.qmetric.tests.PageOneUITest" name="getToPage1">
    <skipped/>
  </testcase>
  <testcase time="0" classname="com.qmetric.tests.PageOneUITest" name="testPropertyTypeDropDowns">
    <skipped/>
  </testcase>
  <testcase time="0.001" classname="com.qmetric.tests.PageOneUITest" name="getToPage1">
    <skipped/>
  </testcase>
  <testcase time="0" classname="com.qmetric.tests.PageOneUITest" name="testAddressSearchValidationText">
    <skipped/>
  </testcase>
  <testcase time="0" classname="com.qmetric.tests.PageOneUITest" name="getToPage1">
    <skipped/>
  </testcase>
  <testcase time="0.001" classname="com.qmetric.tests.PageOneUITest" name="testPageTitle">
    <skipped/>
  </testcase>
  <testcase time="0.001" classname="com.qmetric.tests.PageOneUITest" name="getToPage1">
    <skipped/>
  </testcase>
  <testcase time="0" classname="com.qmetric.tests.PageOneUITest" name="testAddressManualEdit">
    <skipped/>
  </testcase>
  <testcase time="1.567" classname="com.qmetric.tests.PageOneUITest" name="testAddressSearch"/>
  <testcase time="7.223" classname="com.qmetric.tests.PageOneUITest" name="setUp">
    <failure message="Error forwarding the new session Error forwarding the request Connection to http://ec2-176-34-211-176.eu-west-1.compute.amazonaws.com:5555 refused
Build info: version: &apos;2.24.1&apos;, revision: &apos;17205&apos;, time: &apos;2012-06-19 15:28:49&apos;
System info: os.name: &apos;Mac OS X&apos;, os.arch: &apos;x86_64&apos;, os.version: &apos;10.6.8&apos;, java.version: &apos;1.6.0_33&apos;
Driver info: driver.version: RemoteWebDriver" type="org.openqa.selenium.WebDriverException">org.openqa.selenium.WebDriverException: Error forwarding the new session Error forwarding the request Connection to http://ec2-176-34-211-176.eu-west-1.compute.amazonaws.com:5555 refused
Build info: version: &apos;2.24.1&apos;, revision: &apos;17205&apos;, time: &apos;2012-06-19 15:28:49&apos;
System info: os.name: &apos;Mac OS X&apos;, os.arch: &apos;x86_64&apos;, os.version: &apos;10.6.8&apos;, java.version: &apos;1.6.0_33&apos;
Driver info: driver.version: RemoteWebDriver
	at sun.reflect.NativeConstructorAccessorImpl.newInstance0(Native Method)
	at sun.reflect.NativeConstructorAccessorImpl.newInstance(NativeConstructorAccessorImpl.java:39)
	at sun.reflect.DelegatingConstructorAccessorImpl.newInstance(DelegatingConstructorAccessorImpl.java:27)
	at java.lang.reflect.Constructor.newInstance(Constructor.java:513)
	at org.openqa.selenium.remote.ErrorHandler.createThrowable(ErrorHandler.java:131)
	at org.openqa.selenium.remote.ErrorHandler.throwIfResponseFailed(ErrorHandler.java:105)
	at org.openqa.selenium.remote.RemoteWebDriver.execute(RemoteWebDriver.java:409)
	at org.openqa.selenium.remote.RemoteWebDriver.startSession(RemoteWebDriver.java:108)
	at org.openqa.selenium.remote.RemoteWebDriver.&lt;init&gt;(RemoteWebDriver.java:86)
	at org.openqa.selenium.remote.RemoteWebDriver.&lt;init&gt;(RemoteWebDriver.java:94)
	at com.qmetric.utility.AbstractTest.setUp(AbstractTest.java:32)
	at sun.reflect.NativeMethodAccessorImpl.invoke0(Native Method)
	at sun.reflect.NativeMethodAccessorImpl.invoke(NativeMethodAccessorImpl.java:39)
	at sun.reflect.DelegatingMethodAccessorImpl.invoke(DelegatingMethodAccessorImpl.java:25)
	at java.lang.reflect.Method.invoke(Method.java:597)
	at org.testng.internal.MethodInvocationHelper.invokeMethod(MethodInvocationHelper.java:76)
	at org.testng.internal.Invoker.invokeConfigurationMethod(Invoker.java:525)
	at org.testng.internal.Invoker.invokeConfigurations(Invoker.java:202)
	at org.testng.internal.Invoker.invokeConfigurations(Invoker.java:130)
	at org.testng.internal.TestMethodWorker.invokeBeforeClassMethods(TestMethodWorker.java:173)
	at org.testng.internal.TestMethodWorker.run(TestMethodWorker.java:105)
	at java.util.concurrent.ThreadPoolExecutor$Worker.runTask(ThreadPoolExecutor.java:886)
	at java.util.concurrent.ThreadPoolExecutor$Worker.run(ThreadPoolExecutor.java:908)
	at java.lang.Thread.run(Thread.java:680)
Caused by: org.openqa.selenium.remote.ErrorHandler$UnknownServerException: Error forwarding the new session Error forwarding the request Connection to http://ec2-176-34-211-176.eu-west-1.compute.amazonaws.com:5555 refused
Build info: version: &apos;2.24.1&apos;, revision: &apos;17205&apos;, time: &apos;2012-06-19 15:28:49&apos;
System info: os.name: &apos;Mac OS X&apos;, os.arch: &apos;x86_64&apos;, os.version: &apos;10.6.8&apos;, java.version: &apos;1.6.0_33&apos;
Driver info: driver.version: unknown
	at org.openqa.grid.web.servlet.handler.RequestHandler.process(RequestHandler.java:151)
	at org.openqa.grid.web.servlet.DriverServlet.process(DriverServlet.java:81)
	at org.openqa.grid.web.servlet.DriverServlet.doPost(DriverServlet.java:67)
	at javax.servlet.http.HttpServlet.service(HttpServlet.java:727)
	at javax.servlet.http.HttpServlet.service(HttpServlet.java:820)
	at org.openqa.jetty.jetty.servlet.ServletHolder.handle(ServletHolder.java:428)
	at org.openqa.jetty.jetty.servlet.WebApplicationHandler.dispatch(WebApplicationHandler.java:473)
	at org.openqa.jetty.jetty.servlet.ServletHandler.handle(ServletHandler.java:568)
	at org.openqa.jetty.http.HttpContext.handle(HttpContext.java:1530)
	at org.openqa.jetty.jetty.servlet.WebApplicationContext.handle(WebApplicationContext.java:633)
	at org.openqa.jetty.http.HttpContext.handle(HttpContext.java:1482)
	at org.openqa.jetty.http.HttpServer.service(HttpServer.java:909)
	at org.openqa.jetty.http.HttpConnection.service(HttpConnection.java:820)
	at org.openqa.jetty.http.HttpConnection.handleNext(HttpConnection.java:986)
	at org.openqa.jetty.http.HttpConnection.handle(HttpConnection.java:837)
	at org.openqa.jetty.http.SocketListener.handleConnection(SocketListener.java:243)
	at org.openqa.jetty.util.ThreadedServer.handle(ThreadedServer.java:357)
	at org.openqa.jetty.util.ThreadPool$PoolThread.run(ThreadPool.java:534)
Caused by: org.openqa.selenium.remote.ErrorHandler$UnknownServerException: Error forwarding the new session Error forwarding the request Connection to http://ec2-176-34-211-176.eu-west-1.compute.amazonaws.com:5555 refused
Build info: version: &apos;2.24.1&apos;, revision: &apos;17205&apos;, time: &apos;2012-06-19 15:28:49&apos;
System info: os.name: &apos;Mac OS X&apos;, os.arch: &apos;x86_64&apos;, os.version: &apos;10.6.8&apos;, java.version: &apos;1.6.0_33&apos;
Driver info: driver.version: unknown
	at org.openqa.grid.web.servlet.handler.RequestHandler.process(RequestHandler.java:151)
	at org.openqa.grid.web.servlet.DriverServlet.process(DriverServlet.java:81)
	at org.openqa.grid.web.servlet.DriverServlet.doPost(DriverServlet.java:67)
	at javax.servlet.http.HttpServlet.service(HttpServlet.java:727)
	at javax.servlet.http.HttpServlet.service(HttpServlet.java:820)
	at org.openqa.jetty.jetty.servlet.ServletHolder.handle(ServletHolder.java:428)
	at org.openqa.jetty.jetty.servlet.WebApplicationHandler.dispatch(WebApplicationHandler.java:473)
	at org.openqa.jetty.jetty.servlet.ServletHandler.handle(ServletHandler.java:568)
	at org.openqa.jetty.http.HttpContext.handle(HttpContext.java:1530)
	at org.openqa.jetty.jetty.servlet.WebApplicationContext.handle(WebApplicationContext.java:633)
	at org.openqa.jetty.http.HttpContext.handle(HttpContext.java:1482)
	at org.openqa.jetty.http.HttpServer.service(HttpServer.java:909)
	at org.openqa.jetty.http.HttpConnection.service(HttpConnection.java:820)
	at org.openqa.jetty.http.HttpConnection.handleNext(HttpConnection.java:986)
	at org.openqa.jetty.http.HttpConnection.handle(HttpConnection.java:837)
	at org.openqa.jetty.http.SocketListener.handleConnection(SocketListener.java:243)
	at org.openqa.jetty.util.ThreadedServer.handle(ThreadedServer.java:357)
	at org.openqa.jetty.util.ThreadPool$PoolThread.run(ThreadPool.java:534)
</failure>
  </testcase>
  <testcase time="7.225" classname="com.qmetric.tests.PageOneUITest" name="getToPage1">
    <skipped/>
  </testcase>
  <testcase time="0" classname="com.qmetric.tests.PageOneUITest" name="testAddressSearch">
    <skipped/>
  </testcase>
  <testcase time="0.001" classname="com.qmetric.tests.PageOneUITest" name="getToPage1">
    <skipped/>
  </testcase>
  <testcase time="0" classname="com.qmetric.tests.PageOneUITest" name="testPropertyTypeDropDowns">
    <skipped/>
  </testcase>
  <testcase time="0" classname="com.qmetric.tests.PageOneUITest" name="getToPage1">
    <skipped/>
  </testcase>
  <testcase time="0" classname="com.qmetric.tests.PageOneUITest" name="testAddressSearchValidationText">
    <skipped/>
  </testcase>
  <testcase time="0.001" classname="com.qmetric.tests.PageOneUITest" name="getToPage1">
    <skipped/>
  </testcase>
  <testcase time="0" classname="com.qmetric.tests.PageOneUITest" name="testPageTitle">
    <skipped/>
  </testcase>
  <testcase time="0.001" classname="com.qmetric.tests.PageOneUITest" name="getToPage1">
    <skipped/>
  </testcase>
  <testcase time="0" classname="com.qmetric.tests.PageOneUITest" name="testAddressManualEdit">
    <skipped/>
  </testcase>
  <testcase time="0" classname="com.qmetric.tests.PageOneUITest" name="tearDown">
    <skipped/>
  </testcase>
  <testcase time="7.831" classname="com.qmetric.tests.PageOneUITest" name="testPropertyTypeDropDowns"/>
  <testcase time="2.329" classname="com.qmetric.tests.PageOneUITest" name="testAddressSearchValidationText"/>
  <testcase time="2.22" classname="com.qmetric.tests.PageOneUITest" name="testPageTitle"/>
  <testcase time="6.067" classname="com.qmetric.tests.PageOneUITest" name="testAddressManualEdit"/>
</testsuite>