<?xml version="1.0" encoding="UTF-8" ?>
<testsuite failures="4" time="0.784" errors="0" skipped="28" tests="32" name="TestSuite">
  <properties>
[...]
</properties>
  <testcase time="0" classname="com.qmetric.tests.PageOneUITest" name="setUp">
    <failure message="java.net.SocketException: Host is down
Build info: version: &apos;2.24.1&apos;, revision: &apos;17205&apos;, time: &apos;2012-06-19 15:28:49&apos;
System info: os.name: &apos;Mac OS X&apos;, os.arch: &apos;x86_64&apos;, os.version: &apos;10.6.8&apos;, java.version: &apos;1.6.0_33&apos;
Driver info: driver.version: RemoteWebDriver" type="org.openqa.selenium.WebDriverException">org.openqa.selenium.WebDriverException: java.net.SocketException: Host is down
Build info: version: &apos;2.24.1&apos;, revision: &apos;17205&apos;, time: &apos;2012-06-19 15:28:49&apos;
System info: os.name: &apos;Mac OS X&apos;, os.arch: &apos;x86_64&apos;, os.version: &apos;10.6.8&apos;, java.version: &apos;1.6.0_33&apos;
Driver info: driver.version: RemoteWebDriver
	at org.openqa.selenium.remote.RemoteWebDriver.execute(RemoteWebDriver.java:406)
	at org.openqa.selenium.remote.RemoteWebDriver.startSession(RemoteWebDriver.java:108)
	at org.openqa.selenium.remote.RemoteWebDriver.&lt;init&gt;(RemoteWebDriver.java:86)
	at org.openqa.selenium.remote.RemoteWebDriver.&lt;init&gt;(RemoteWebDriver.java:94)
	at com.qmetric.utility.AbstractTest.setUp(AbstractTest.java:40)
	at sun.reflect.NativeMethodAccessorImpl.invoke0(Native Method)
	at sun.reflect.NativeMethodAccessorImpl.invoke(NativeMethodAccessorImpl.java:39)
	at sun.reflect.DelegatingMethodAccessorImpl.invoke(DelegatingMethodAccessorImpl.java:25)
	at java.lang.reflect.Method.invoke(Method.java:597)
	at org.testng.internal.MethodInvocationHelper.invokeMethod(MethodInvocationHelper.java:76)
	at org.testng.internal.Invoker.invokeConfigurationMethod(Invoker.java:525)
	at org.testng.internal.Invoker.invokeConfigurations(Invoker.java:202)
	at org.testng.internal.Invoker.invokeConfigurations(Invoker.java:130)
	at org.testng.internal.TestMethodWorker.invokeBeforeClassMethods(TestMethodWorker.java:173)
	at org.testng.internal.TestMethodWorker.run(TestMethodWorker.java:105)
	at java.util.concurrent.ThreadPoolExecutor$Worker.runTask(ThreadPoolExecutor.java:886)
	at java.util.concurrent.ThreadPoolExecutor$Worker.run(ThreadPoolExecutor.java:908)
	at java.lang.Thread.run(Thread.java:680)
Caused by: java.net.SocketException: Host is down
	at java.net.PlainSocketImpl.socketConnect(Native Method)
	at java.net.PlainSocketImpl.doConnect(PlainSocketImpl.java:351)
	at java.net.PlainSocketImpl.connectToAddress(PlainSocketImpl.java:213)
	at java.net.PlainSocketImpl.connect(PlainSocketImpl.java:200)
	at java.net.SocksSocketImpl.connect(SocksSocketImpl.java:432)
	at java.net.Socket.connect(Socket.java:529)
	at org.openqa.selenium.remote.ReusingSocketSocketFactory.connectSocket(ReusingSocketSocketFactory.java:122)
	at org.apache.http.conn.scheme.SchemeSocketFactoryAdaptor.connectSocket(SchemeSocketFactoryAdaptor.java:62)
	at org.apache.http.impl.conn.DefaultClientConnectionOperator.openConnection(DefaultClientConnectionOperator.java:148)
	at org.apache.http.impl.conn.AbstractPoolEntry.open(AbstractPoolEntry.java:149)
	at org.apache.http.impl.conn.AbstractPooledConnAdapter.open(AbstractPooledConnAdapter.java:121)
	at org.apache.http.impl.client.DefaultRequestDirector.tryConnect(DefaultRequestDirector.java:573)
	at org.apache.http.impl.client.DefaultRequestDirector.execute(DefaultRequestDirector.java:425)
	at org.apache.http.impl.client.AbstractHttpClient.execute(AbstractHttpClient.java:820)
	at org.openqa.selenium.remote.HttpCommandExecutor.fallBackExecute(HttpCommandExecutor.java:284)
	at org.openqa.selenium.remote.HttpCommandExecutor.execute(HttpCommandExecutor.java:264)
	at org.openqa.selenium.remote.RemoteWebDriver.execute(RemoteWebDriver.java:389)
	... 17 more
Caused by: java.net.SocketException: Host is down
	at java.net.PlainSocketImpl.socketConnect(Native Method)
	at java.net.PlainSocketImpl.doConnect(PlainSocketImpl.java:351)
	at java.net.PlainSocketImpl.connectToAddress(PlainSocketImpl.java:213)
	at java.net.PlainSocketImpl.connect(PlainSocketImpl.java:200)
	at java.net.SocksSocketImpl.connect(SocksSocketImpl.java:432)
	at java.net.Socket.connect(Socket.java:529)
	at org.openqa.selenium.remote.ReusingSocketSocketFactory.connectSocket(ReusingSocketSocketFactory.java:122)
	at org.apache.http.conn.scheme.SchemeSocketFactoryAdaptor.connectSocket(SchemeSocketFactoryAdaptor.java:62)
	at org.apache.http.impl.conn.DefaultClientConnectionOperator.openConnection(DefaultClientConnectionOperator.java:148)
	at org.apache.http.impl.conn.AbstractPoolEntry.open(AbstractPoolEntry.java:149)
	at org.apache.http.impl.conn.AbstractPooledConnAdapter.open(AbstractPooledConnAdapter.java:121)
	at org.apache.http.impl.client.DefaultRequestDirector.tryConnect(DefaultRequestDirector.java:573)
	at org.apache.http.impl.client.DefaultRequestDirector.execute(DefaultRequestDirector.java:425)
	at org.apache.http.impl.client.AbstractHttpClient.execute(AbstractHttpClient.java:820)
	at org.openqa.selenium.remote.HttpCommandExecutor.fallBackExecute(HttpCommandExecutor.java:284)
	at org.openqa.selenium.remote.HttpCommandExecutor.execute(HttpCommandExecutor.java:264)
	at org.openqa.selenium.remote.RemoteWebDriver.execute(RemoteWebDriver.java:389)
	... 17 more
</failure>
    <system-out>@HL
@HL-------------------------------------------------------
@HL T E S T S
@HL-------------------------------------------------------
@SLRunning TestSuite
</system-out>
    <system-err>Aug 3, 2012 3:20:21 PM org.apache.http.impl.client.DefaultRequestDirector tryConnect
INFO: I/O exception (java.net.SocketException) caught when connecting to the target host: Host is down
Aug 3, 2012 3:20:21 PM org.apache.http.impl.client.DefaultRequestDirector tryConnect
INFO: I/O exception (java.net.SocketException) caught when connecting to the target host: Host is down
Aug 3, 2012 3:20:21 PM org.apache.http.impl.client.DefaultRequestDirector tryConnect
INFO: I/O exception (java.net.SocketException) caught when connecting to the target host: Host is down
Aug 3, 2012 3:20:21 PM org.apache.http.impl.client.DefaultRequestDirector tryConnect
INFO: Retrying connect
Aug 3, 2012 3:20:21 PM org.apache.http.impl.client.DefaultRequestDirector tryConnect
INFO: I/O exception (java.net.SocketException) caught when connecting to the target host: Host is down
Aug 3, 2012 3:20:21 PM org.apache.http.impl.client.DefaultRequestDirector tryConnect
INFO: I/O exception (java.net.SocketException) caught when connecting to the target host: Host is down
Aug 3, 2012 3:20:21 PM org.apache.http.impl.client.DefaultRequestDirector tryConnect
INFO: Retrying connect
Aug 3, 2012 3:20:21 PM org.apache.http.impl.client.DefaultRequestDirector tryConnect
INFO: Retrying connect
Aug 3, 2012 3:20:21 PM org.apache.http.impl.client.DefaultRequestDirector tryConnect
INFO: I/O exception (java.net.SocketException) caught when connecting to the target host: Host is down
Aug 3, 2012 3:20:21 PM org.apache.http.impl.client.DefaultRequestDirector tryConnect
INFO: I/O exception (java.net.SocketException) caught when connecting to the target host: Host is down
Aug 3, 2012 3:20:21 PM org.apache.http.impl.client.DefaultRequestDirector tryConnect
INFO: Retrying connect
Aug 3, 2012 3:20:21 PM org.apache.http.impl.client.DefaultRequestDirector tryConnect
INFO: Retrying connect
Aug 3, 2012 3:20:21 PM org.apache.http.impl.client.DefaultRequestDirector tryConnect
INFO: I/O exception (java.net.SocketException) caught when connecting to the target host: Host is down
Aug 3, 2012 3:20:21 PM org.apache.http.impl.client.DefaultRequestDirector tryConnect
INFO: Retrying connect
Aug 3, 2012 3:20:21 PM org.apache.http.impl.client.DefaultRequestDirector tryConnect
INFO: Retrying connect
Aug 3, 2012 3:20:21 PM org.apache.http.impl.client.DefaultRequestDirector tryConnect
INFO: I/O exception (java.net.SocketException) caught when connecting to the target host: Host is down
Aug 3, 2012 3:20:21 PM org.apache.http.impl.client.DefaultRequestDirector tryConnect
INFO: Retrying connect
Aug 3, 2012 3:20:21 PM org.apache.http.impl.client.DefaultRequestDirector tryConnect
INFO: I/O exception (java.net.SocketException) caught when connecting to the target host: Host is down
Aug 3, 2012 3:20:21 PM org.apache.http.impl.client.DefaultRequestDirector tryConnect
INFO: Retrying connect
Aug 3, 2012 3:20:21 PM org.apache.http.impl.client.DefaultRequestDirector tryConnect
INFO: I/O exception (java.net.SocketException) caught when connecting to the target host: Host is down
Aug 3, 2012 3:20:21 PM org.apache.http.impl.client.DefaultRequestDirector tryConnect
INFO: Retrying connect
Aug 3, 2012 3:20:21 PM org.apache.http.impl.client.DefaultRequestDirector tryConnect
INFO: Retrying connect
Aug 3, 2012 3:20:21 PM org.apache.http.impl.client.DefaultRequestDirector tryConnect
INFO: I/O exception (java.net.SocketException) caught when connecting to the target host: Host is down
Aug 3, 2012 3:20:21 PM org.apache.http.impl.client.DefaultRequestDirector tryConnect
INFO: Retrying connect
</system-err>
  </testcase>
  <testcase time="0.004" classname="com.qmetric.tests.LandingPageTest" name="setUp">
    <failure message="java.net.SocketException: Host is down
Build info: version: &apos;2.24.1&apos;, revision: &apos;17205&apos;, time: &apos;2012-06-19 15:28:49&apos;
System info: os.name: &apos;Mac OS X&apos;, os.arch: &apos;x86_64&apos;, os.version: &apos;10.6.8&apos;, java.version: &apos;1.6.0_33&apos;
Driver info: driver.version: RemoteWebDriver" type="org.openqa.selenium.WebDriverException">org.openqa.selenium.WebDriverException: java.net.SocketException: Host is down
Build info: version: &apos;2.24.1&apos;, revision: &apos;17205&apos;, time: &apos;2012-06-19 15:28:49&apos;
System info: os.name: &apos;Mac OS X&apos;, os.arch: &apos;x86_64&apos;, os.version: &apos;10.6.8&apos;, java.version: &apos;1.6.0_33&apos;
Driver info: driver.version: RemoteWebDriver
	at org.openqa.selenium.remote.RemoteWebDriver.execute(RemoteWebDriver.java:406)
	at org.openqa.selenium.remote.RemoteWebDriver.startSession(RemoteWebDriver.java:108)
	at org.openqa.selenium.remote.RemoteWebDriver.&lt;init&gt;(RemoteWebDriver.java:86)
	at org.openqa.selenium.remote.RemoteWebDriver.&lt;init&gt;(RemoteWebDriver.java:94)
	at com.qmetric.utility.AbstractTest.setUp(AbstractTest.java:40)
	at sun.reflect.NativeMethodAccessorImpl.invoke0(Native Method)
	at sun.reflect.NativeMethodAccessorImpl.invoke(NativeMethodAccessorImpl.java:39)
	at sun.reflect.DelegatingMethodAccessorImpl.invoke(DelegatingMethodAccessorImpl.java:25)
	at java.lang.reflect.Method.invoke(Method.java:597)
	at org.testng.internal.MethodInvocationHelper.invokeMethod(MethodInvocationHelper.java:76)
	at org.testng.internal.Invoker.invokeConfigurationMethod(Invoker.java:525)
	at org.testng.internal.Invoker.invokeConfigurations(Invoker.java:202)
	at org.testng.internal.Invoker.invokeConfigurations(Invoker.java:130)
	at org.testng.internal.TestMethodWorker.invokeBeforeClassMethods(TestMethodWorker.java:173)
	at org.testng.internal.TestMethodWorker.run(TestMethodWorker.java:105)
	at java.util.concurrent.ThreadPoolExecutor$Worker.runTask(ThreadPoolExecutor.java:886)
	at java.util.concurrent.ThreadPoolExecutor$Worker.run(ThreadPoolExecutor.java:908)
	at java.lang.Thread.run(Thread.java:680)
Caused by: java.net.SocketException: Host is down
	at java.net.PlainSocketImpl.socketConnect(Native Method)
	at java.net.PlainSocketImpl.doConnect(PlainSocketImpl.java:351)
	at java.net.PlainSocketImpl.connectToAddress(PlainSocketImpl.java:213)
	at java.net.PlainSocketImpl.connect(PlainSocketImpl.java:200)
	at java.net.SocksSocketImpl.connect(SocksSocketImpl.java:432)
	at java.net.Socket.connect(Socket.java:529)
	at org.openqa.selenium.remote.ReusingSocketSocketFactory.connectSocket(ReusingSocketSocketFactory.java:122)
	at org.apache.http.conn.scheme.SchemeSocketFactoryAdaptor.connectSocket(SchemeSocketFactoryAdaptor.java:62)
	at org.apache.http.impl.conn.DefaultClientConnectionOperator.openConnection(DefaultClientConnectionOperator.java:148)
	at org.apache.http.impl.conn.AbstractPoolEntry.open(AbstractPoolEntry.java:149)
	at org.apache.http.impl.conn.AbstractPooledConnAdapter.open(AbstractPooledConnAdapter.java:121)
	at org.apache.http.impl.client.DefaultRequestDirector.tryConnect(DefaultRequestDirector.java:573)
	at org.apache.http.impl.client.DefaultRequestDirector.execute(DefaultRequestDirector.java:425)
	at org.apache.http.impl.client.AbstractHttpClient.execute(AbstractHttpClient.java:820)
	at org.openqa.selenium.remote.HttpCommandExecutor.fallBackExecute(HttpCommandExecutor.java:284)
	at org.openqa.selenium.remote.HttpCommandExecutor.execute(HttpCommandExecutor.java:264)
	at org.openqa.selenium.remote.RemoteWebDriver.execute(RemoteWebDriver.java:389)
	... 17 more
Caused by: java.net.SocketException: Host is down
	at java.net.PlainSocketImpl.socketConnect(Native Method)
	at java.net.PlainSocketImpl.doConnect(PlainSocketImpl.java:351)
	at java.net.PlainSocketImpl.connectToAddress(PlainSocketImpl.java:213)
	at java.net.PlainSocketImpl.connect(PlainSocketImpl.java:200)
	at java.net.SocksSocketImpl.connect(SocksSocketImpl.java:432)
	at java.net.Socket.connect(Socket.java:529)
	at org.openqa.selenium.remote.ReusingSocketSocketFactory.connectSocket(ReusingSocketSocketFactory.java:122)
	at org.apache.http.conn.scheme.SchemeSocketFactoryAdaptor.connectSocket(SchemeSocketFactoryAdaptor.java:62)
	at org.apache.http.impl.conn.DefaultClientConnectionOperator.openConnection(DefaultClientConnectionOperator.java:148)
	at org.apache.http.impl.conn.AbstractPoolEntry.open(AbstractPoolEntry.java:149)
	at org.apache.http.impl.conn.AbstractPooledConnAdapter.open(AbstractPooledConnAdapter.java:121)
	at org.apache.http.impl.client.DefaultRequestDirector.tryConnect(DefaultRequestDirector.java:573)
	at org.apache.http.impl.client.DefaultRequestDirector.execute(DefaultRequestDirector.java:425)
	at org.apache.http.impl.client.AbstractHttpClient.execute(AbstractHttpClient.java:820)
	at org.openqa.selenium.remote.HttpCommandExecutor.fallBackExecute(HttpCommandExecutor.java:284)
	at org.openqa.selenium.remote.HttpCommandExecutor.execute(HttpCommandExecutor.java:264)
	at org.openqa.selenium.remote.RemoteWebDriver.execute(RemoteWebDriver.java:389)
	... 17 more
</failure>
  </testcase>
  <testcase time="0.007" classname="com.qmetric.tests.PageOneUITest" name="setUp">
    <failure message="java.net.SocketException: Host is down
Build info: version: &apos;2.24.1&apos;, revision: &apos;17205&apos;, time: &apos;2012-06-19 15:28:49&apos;
System info: os.name: &apos;Mac OS X&apos;, os.arch: &apos;x86_64&apos;, os.version: &apos;10.6.8&apos;, java.version: &apos;1.6.0_33&apos;
Driver info: driver.version: RemoteWebDriver" type="org.openqa.selenium.WebDriverException">org.openqa.selenium.WebDriverException: java.net.SocketException: Host is down
Build info: version: &apos;2.24.1&apos;, revision: &apos;17205&apos;, time: &apos;2012-06-19 15:28:49&apos;
System info: os.name: &apos;Mac OS X&apos;, os.arch: &apos;x86_64&apos;, os.version: &apos;10.6.8&apos;, java.version: &apos;1.6.0_33&apos;
Driver info: driver.version: RemoteWebDriver
	at org.openqa.selenium.remote.RemoteWebDriver.execute(RemoteWebDriver.java:406)
	at org.openqa.selenium.remote.RemoteWebDriver.startSession(RemoteWebDriver.java:108)
	at org.openqa.selenium.remote.RemoteWebDriver.&lt;init&gt;(RemoteWebDriver.java:86)
	at org.openqa.selenium.remote.RemoteWebDriver.&lt;init&gt;(RemoteWebDriver.java:94)
	at com.qmetric.utility.AbstractTest.setUp(AbstractTest.java:40)
	at sun.reflect.NativeMethodAccessorImpl.invoke0(Native Method)
	at sun.reflect.NativeMethodAccessorImpl.invoke(NativeMethodAccessorImpl.java:39)
	at sun.reflect.DelegatingMethodAccessorImpl.invoke(DelegatingMethodAccessorImpl.java:25)
	at java.lang.reflect.Method.invoke(Method.java:597)
	at org.testng.internal.MethodInvocationHelper.invokeMethod(MethodInvocationHelper.java:76)
	at org.testng.internal.Invoker.invokeConfigurationMethod(Invoker.java:525)
	at org.testng.internal.Invoker.invokeConfigurations(Invoker.java:202)
	at org.testng.internal.Invoker.invokeConfigurations(Invoker.java:130)
	at org.testng.internal.TestMethodWorker.invokeBeforeClassMethods(TestMethodWorker.java:173)
	at org.testng.internal.TestMethodWorker.run(TestMethodWorker.java:105)
	at java.util.concurrent.ThreadPoolExecutor$Worker.runTask(ThreadPoolExecutor.java:886)
	at java.util.concurrent.ThreadPoolExecutor$Worker.run(ThreadPoolExecutor.java:908)
	at java.lang.Thread.run(Thread.java:680)
Caused by: java.net.SocketException: Host is down
	at java.net.PlainSocketImpl.socketConnect(Native Method)
	at java.net.PlainSocketImpl.doConnect(PlainSocketImpl.java:351)
	at java.net.PlainSocketImpl.connectToAddress(PlainSocketImpl.java:213)
	at java.net.PlainSocketImpl.connect(PlainSocketImpl.java:200)
	at java.net.SocksSocketImpl.connect(SocksSocketImpl.java:432)
	at java.net.Socket.connect(Socket.java:529)
	at org.openqa.selenium.remote.ReusingSocketSocketFactory.connectSocket(ReusingSocketSocketFactory.java:122)
	at org.apache.http.conn.scheme.SchemeSocketFactoryAdaptor.connectSocket(SchemeSocketFactoryAdaptor.java:62)
	at org.apache.http.impl.conn.DefaultClientConnectionOperator.openConnection(DefaultClientConnectionOperator.java:148)
	at org.apache.http.impl.conn.AbstractPoolEntry.open(AbstractPoolEntry.java:149)
	at org.apache.http.impl.conn.AbstractPooledConnAdapter.open(AbstractPooledConnAdapter.java:121)
	at org.apache.http.impl.client.DefaultRequestDirector.tryConnect(DefaultRequestDirector.java:573)
	at org.apache.http.impl.client.DefaultRequestDirector.execute(DefaultRequestDirector.java:425)
	at org.apache.http.impl.client.AbstractHttpClient.execute(AbstractHttpClient.java:820)
	at org.openqa.selenium.remote.HttpCommandExecutor.fallBackExecute(HttpCommandExecutor.java:284)
	at org.openqa.selenium.remote.HttpCommandExecutor.execute(HttpCommandExecutor.java:264)
	at org.openqa.selenium.remote.RemoteWebDriver.execute(RemoteWebDriver.java:389)
	... 17 more
Caused by: java.net.SocketException: Host is down
	at java.net.PlainSocketImpl.socketConnect(Native Method)
	at java.net.PlainSocketImpl.doConnect(PlainSocketImpl.java:351)
	at java.net.PlainSocketImpl.connectToAddress(PlainSocketImpl.java:213)
	at java.net.PlainSocketImpl.connect(PlainSocketImpl.java:200)
	at java.net.SocksSocketImpl.connect(SocksSocketImpl.java:432)
	at java.net.Socket.connect(Socket.java:529)
	at org.openqa.selenium.remote.ReusingSocketSocketFactory.connectSocket(ReusingSocketSocketFactory.java:122)
	at org.apache.http.conn.scheme.SchemeSocketFactoryAdaptor.connectSocket(SchemeSocketFactoryAdaptor.java:62)
	at org.apache.http.impl.conn.DefaultClientConnectionOperator.openConnection(DefaultClientConnectionOperator.java:148)
	at org.apache.http.impl.conn.AbstractPoolEntry.open(AbstractPoolEntry.java:149)
	at org.apache.http.impl.conn.AbstractPooledConnAdapter.open(AbstractPooledConnAdapter.java:121)
	at org.apache.http.impl.client.DefaultRequestDirector.tryConnect(DefaultRequestDirector.java:573)
	at org.apache.http.impl.client.DefaultRequestDirector.execute(DefaultRequestDirector.java:425)
	at org.apache.http.impl.client.AbstractHttpClient.execute(AbstractHttpClient.java:820)
	at org.openqa.selenium.remote.HttpCommandExecutor.fallBackExecute(HttpCommandExecutor.java:284)
	at org.openqa.selenium.remote.HttpCommandExecutor.execute(HttpCommandExecutor.java:264)
	at org.openqa.selenium.remote.RemoteWebDriver.execute(RemoteWebDriver.java:389)
	... 17 more
</failure>
  </testcase>
  <testcase time="0.01" classname="com.qmetric.tests.LandingPageTest" name="setUp">
    <failure message="java.net.SocketException: Host is down
Build info: version: &apos;2.24.1&apos;, revision: &apos;17205&apos;, time: &apos;2012-06-19 15:28:49&apos;
System info: os.name: &apos;Mac OS X&apos;, os.arch: &apos;x86_64&apos;, os.version: &apos;10.6.8&apos;, java.version: &apos;1.6.0_33&apos;
Driver info: driver.version: RemoteWebDriver" type="org.openqa.selenium.WebDriverException">org.openqa.selenium.WebDriverException: java.net.SocketException: Host is down
Build info: version: &apos;2.24.1&apos;, revision: &apos;17205&apos;, time: &apos;2012-06-19 15:28:49&apos;
System info: os.name: &apos;Mac OS X&apos;, os.arch: &apos;x86_64&apos;, os.version: &apos;10.6.8&apos;, java.version: &apos;1.6.0_33&apos;
Driver info: driver.version: RemoteWebDriver
	at org.openqa.selenium.remote.RemoteWebDriver.execute(RemoteWebDriver.java:406)
	at org.openqa.selenium.remote.RemoteWebDriver.startSession(RemoteWebDriver.java:108)
	at org.openqa.selenium.remote.RemoteWebDriver.&lt;init&gt;(RemoteWebDriver.java:86)
	at org.openqa.selenium.remote.RemoteWebDriver.&lt;init&gt;(RemoteWebDriver.java:94)
	at com.qmetric.utility.AbstractTest.setUp(AbstractTest.java:40)
	at sun.reflect.NativeMethodAccessorImpl.invoke0(Native Method)
	at sun.reflect.NativeMethodAccessorImpl.invoke(NativeMethodAccessorImpl.java:39)
	at sun.reflect.DelegatingMethodAccessorImpl.invoke(DelegatingMethodAccessorImpl.java:25)
	at java.lang.reflect.Method.invoke(Method.java:597)
	at org.testng.internal.MethodInvocationHelper.invokeMethod(MethodInvocationHelper.java:76)
	at org.testng.internal.Invoker.invokeConfigurationMethod(Invoker.java:525)
	at org.testng.internal.Invoker.invokeConfigurations(Invoker.java:202)
	at org.testng.internal.Invoker.invokeConfigurations(Invoker.java:130)
	at org.testng.internal.TestMethodWorker.invokeBeforeClassMethods(TestMethodWorker.java:173)
	at org.testng.internal.TestMethodWorker.run(TestMethodWorker.java:105)
	at java.util.concurrent.ThreadPoolExecutor$Worker.runTask(ThreadPoolExecutor.java:886)
	at java.util.concurrent.ThreadPoolExecutor$Worker.run(ThreadPoolExecutor.java:908)
	at java.lang.Thread.run(Thread.java:680)
Caused by: java.net.SocketException: Host is down
	at java.net.PlainSocketImpl.socketConnect(Native Method)
	at java.net.PlainSocketImpl.doConnect(PlainSocketImpl.java:351)
	at java.net.PlainSocketImpl.connectToAddress(PlainSocketImpl.java:213)
	at java.net.PlainSocketImpl.connect(PlainSocketImpl.java:200)
	at java.net.SocksSocketImpl.connect(SocksSocketImpl.java:432)
	at java.net.Socket.connect(Socket.java:529)
	at org.openqa.selenium.remote.ReusingSocketSocketFactory.connectSocket(ReusingSocketSocketFactory.java:122)
	at org.apache.http.conn.scheme.SchemeSocketFactoryAdaptor.connectSocket(SchemeSocketFactoryAdaptor.java:62)
	at org.apache.http.impl.conn.DefaultClientConnectionOperator.openConnection(DefaultClientConnectionOperator.java:148)
	at org.apache.http.impl.conn.AbstractPoolEntry.open(AbstractPoolEntry.java:149)
	at org.apache.http.impl.conn.AbstractPooledConnAdapter.open(AbstractPooledConnAdapter.java:121)
	at org.apache.http.impl.client.DefaultRequestDirector.tryConnect(DefaultRequestDirector.java:573)
	at org.apache.http.impl.client.DefaultRequestDirector.execute(DefaultRequestDirector.java:425)
	at org.apache.http.impl.client.AbstractHttpClient.execute(AbstractHttpClient.java:820)
	at org.openqa.selenium.remote.HttpCommandExecutor.fallBackExecute(HttpCommandExecutor.java:284)
	at org.openqa.selenium.remote.HttpCommandExecutor.execute(HttpCommandExecutor.java:264)
	at org.openqa.selenium.remote.RemoteWebDriver.execute(RemoteWebDriver.java:389)
	... 17 more
Caused by: java.net.SocketException: Host is down
	at java.net.PlainSocketImpl.socketConnect(Native Method)
	at java.net.PlainSocketImpl.doConnect(PlainSocketImpl.java:351)
	at java.net.PlainSocketImpl.connectToAddress(PlainSocketImpl.java:213)
	at java.net.PlainSocketImpl.connect(PlainSocketImpl.java:200)
	at java.net.SocksSocketImpl.connect(SocksSocketImpl.java:432)
	at java.net.Socket.connect(Socket.java:529)
	at org.openqa.selenium.remote.ReusingSocketSocketFactory.connectSocket(ReusingSocketSocketFactory.java:122)
	at org.apache.http.conn.scheme.SchemeSocketFactoryAdaptor.connectSocket(SchemeSocketFactoryAdaptor.java:62)
	at org.apache.http.impl.conn.DefaultClientConnectionOperator.openConnection(DefaultClientConnectionOperator.java:148)
	at org.apache.http.impl.conn.AbstractPoolEntry.open(AbstractPoolEntry.java:149)
	at org.apache.http.impl.conn.AbstractPooledConnAdapter.open(AbstractPooledConnAdapter.java:121)
	at org.apache.http.impl.client.DefaultRequestDirector.tryConnect(DefaultRequestDirector.java:573)
	at org.apache.http.impl.client.DefaultRequestDirector.execute(DefaultRequestDirector.java:425)
	at org.apache.http.impl.client.AbstractHttpClient.execute(AbstractHttpClient.java:820)
	at org.openqa.selenium.remote.HttpCommandExecutor.fallBackExecute(HttpCommandExecutor.java:284)
	at org.openqa.selenium.remote.HttpCommandExecutor.execute(HttpCommandExecutor.java:264)
	at org.openqa.selenium.remote.RemoteWebDriver.execute(RemoteWebDriver.java:389)
	... 17 more
</failure>
  </testcase>
  <testcase time="0.011" classname="com.qmetric.tests.PageOneUITest" name="getToPage1">
    <skipped/>
  </testcase>
  <testcase time="0.011" classname="com.qmetric.tests.LandingPageTest" name="getToLandingPage">
    <skipped/>
  </testcase>
  <testcase time="0.011" classname="com.qmetric.tests.PageOneUITest" name="getToPage1">
    <skipped/>
  </testcase>
  <testcase time="0" classname="com.qmetric.tests.LandingPageTest" name="getToLandingPage">
    <skipped/>
  </testcase>
  <testcase time="0" classname="com.qmetric.tests.LandingPageTest" name="testPageTitle">
    <skipped/>
  </testcase>
  <testcase time="0" classname="com.qmetric.tests.LandingPageTest" name="testPageTitle">
    <skipped/>
  </testcase>
  <testcase time="0" classname="com.qmetric.tests.PageOneUITest" name="testAddressSearch">
    <skipped/>
  </testcase>
  <testcase time="0" classname="com.qmetric.tests.PageOneUITest" name="testAddressSearch">
    <skipped/>
  </testcase>
  <testcase time="0.001" classname="com.qmetric.tests.LandingPageTest" name="tearDown">
    <skipped/>
  </testcase>
  <testcase time="0.001" classname="com.qmetric.tests.LandingPageTest" name="tearDown">
    <skipped/>
  </testcase>
  <testcase time="0.001" classname="com.qmetric.tests.PageOneUITest" name="getToPage1">
    <skipped/>
  </testcase>
  <testcase time="0.001" classname="com.qmetric.tests.PageOneUITest" name="testPropertyTypeDropDowns">
    <skipped/>
  </testcase>
  <testcase time="0.001" classname="com.qmetric.tests.PageOneUITest" name="getToPage1">
    <skipped/>
  </testcase>
  <testcase time="0.001" classname="com.qmetric.tests.PageOneUITest" name="testPropertyTypeDropDowns">
    <skipped/>
  </testcase>
  <testcase time="0.001" classname="com.qmetric.tests.PageOneUITest" name="getToPage1">
    <skipped/>
  </testcase>
  <testcase time="0" classname="com.qmetric.tests.PageOneUITest" name="testAddressSearchValidationText">
    <skipped/>
  </testcase>
  <testcase time="0.001" classname="com.qmetric.tests.PageOneUITest" name="getToPage1">
    <skipped/>
  </testcase>
  <testcase time="0" classname="com.qmetric.tests.PageOneUITest" name="testAddressSearchValidationText">
    <skipped/>
  </testcase>
  <testcase time="0" classname="com.qmetric.tests.PageOneUITest" name="getToPage1">
    <skipped/>
  </testcase>
  <testcase time="0" classname="com.qmetric.tests.PageOneUITest" name="testPageTitle">
    <skipped/>
  </testcase>
  <testcase time="0" classname="com.qmetric.tests.PageOneUITest" name="getToPage1">
    <skipped/>
  </testcase>
  <testcase time="0.001" classname="com.qmetric.tests.PageOneUITest" name="testPageTitle">
    <skipped/>
  </testcase>
  <testcase time="0.001" classname="com.qmetric.tests.PageOneUITest" name="getToPage1">
    <skipped/>
  </testcase>
  <testcase time="0" classname="com.qmetric.tests.PageOneUITest" name="testAddressManualEdit">
    <skipped/>
  </testcase>
  <testcase time="0" classname="com.qmetric.tests.PageOneUITest" name="tearDown">
    <skipped/>
  </testcase>
  <testcase time="0" classname="com.qmetric.tests.PageOneUITest" name="getToPage1">
    <skipped/>
  </testcase>
  <testcase time="0" classname="com.qmetric.tests.PageOneUITest" name="testAddressManualEdit">
    <skipped/>
  </testcase>
  <testcase time="0" classname="com.qmetric.tests.PageOneUITest" name="tearDown">
    <skipped/>
  </testcase>
</testsuite>