<?xml version="1.0" encoding="UTF-8"?>
<testsuite hostname="Oliver-Brays-iMac.local" name="com.qmetric.tests.LandingPageTest" tests="6" failures="0" timestamp="14 Aug 2012 10:44:59 GMT" time="8.114" errors="0">
  <testcase name="@BeforeMethod getToPage1" time="0.0" classname="com.qmetric.tests.PageOneUITest">
    <failure type="org.openqa.selenium.InvalidSelectorException" message="The given selector //button[@type=&amp;apos;submit&amp;apos;] is either invalid or does not result in a WebElement. The following error occurred:
[Exception... &amp;quot;An invalid or illegal string was specified&amp;quot;  code: &amp;quot;12&amp;quot; nsresult: &amp;quot;0x8053000c (NS_ERROR_DOM_SYNTAX_ERR)&amp;quot;  location: &amp;quot;file:///C:/Users/ADMINI~1/AppData/Local/Temp/anonymous1625410346955330381webdriver-profile/extensions/fxdriver@googlecode.com/components/driver_component.js Line: 5993&amp;quot;]
Command duration or timeout: 15 milliseconds
For documentation on this error, please visit: http://seleniumhq.org/exceptions/invalid_selector_exception.html
Build info: version: &amp;apos;2.25.0&amp;apos;, revision: &amp;apos;17482&amp;apos;, time: &amp;apos;2012-07-18 21:08:56&amp;apos;
System info: os.name: &amp;apos;Windows Server 2008 R2&amp;apos;, os.arch: &amp;apos;amd64&amp;apos;, os.version: &amp;apos;6.1&amp;apos;, java.version: &amp;apos;1.6.0_25&amp;apos;
Driver info: driver.version: EventFiringWebDriver
Session ID: 04c6e461-94a6-4de3-a58b-5696b0abdf0f
For documentation on this error, please visit: http://seleniumhq.org/exceptions/invalid_selector_exception.html
Build info: version: &amp;apos;2.24.1&amp;apos;, revision: &amp;apos;17205&amp;apos;, time: &amp;apos;2012-06-19 15:28:49&amp;apos;
System info: os.name: &amp;apos;Mac OS X&amp;apos;, os.arch: &amp;apos;x86_64&amp;apos;, os.version: &amp;apos;10.6.8&amp;apos;, java.version: &amp;apos;1.6.0_33&amp;apos;
Driver info: driver.version: RemoteWebDriver">
      <![CDATA[org.openqa.selenium.InvalidSelectorException: The given selector //button[@type='submit'] is either invalid or does not result in a WebElement. The following error occurred:
[Exception... "An invalid or illegal string was specified"  code: "12" nsresult: "0x8053000c (NS_ERROR_DOM_SYNTAX_ERR)"  location: "file:///C:/Users/ADMINI~1/AppData/Local/Temp/anonymous1625410346955330381webdriver-profile/extensions/fxdriver@googlecode.com/components/driver_component.js Line: 5993"]
Command duration or timeout: 15 milliseconds
For documentation on this error, please visit: http://seleniumhq.org/exceptions/invalid_selector_exception.html
Build info: version: '2.25.0', revision: '17482', time: '2012-07-18 21:08:56'
System info: os.name: 'Windows Server 2008 R2', os.arch: 'amd64', os.version: '6.1', java.version: '1.6.0_25'
Driver info: driver.version: EventFiringWebDriver
Session ID: 04c6e461-94a6-4de3-a58b-5696b0abdf0f
For documentation on this error, please visit: http://seleniumhq.org/exceptions/invalid_selector_exception.html
Build info: version: '2.24.1', revision: '17205', time: '2012-06-19 15:28:49'
System info: os.name: 'Mac OS X', os.arch: 'x86_64', os.version: '10.6.8', java.version: '1.6.0_33'
Driver info: driver.version: RemoteWebDriver
	at org.openqa.selenium.remote.ErrorHandler.createThrowable(ErrorHandler.java:131)
	at org.openqa.selenium.remote.ErrorHandler.throwIfResponseFailed(ErrorHandler.java:105)
	at org.openqa.selenium.remote.RemoteWebDriver.execute(RemoteWebDriver.java:409)
	at org.openqa.selenium.remote.RemoteWebDriver.findElement(RemoteWebDriver.java:197)
	at org.openqa.selenium.remote.RemoteWebDriver.findElementByCssSelector(RemoteWebDriver.java:262)
	at org.openqa.selenium.By$ByCssSelector.findElement(By.java:405)
	at org.openqa.selenium.remote.RemoteWebDriver.findElement(RemoteWebDriver.java:189)
	at org.openqa.selenium.support.pagefactory.DefaultElementLocator.findElement(DefaultElementLocator.java:59)
	at org.openqa.selenium.support.pagefactory.internal.LocatingElementHandler.invoke(LocatingElementHandler.java:34)
	at $Proxy10.click(Unknown Source)
	at com.qmetric.pages.LandingPage.clickNewEnquiry(LandingPage.java:22)
	at com.qmetric.pages.LandingPage.startNewEnquiry(LandingPage.java:26)
	at com.qmetric.tests.PageOneUITest.getToPage1(PageOneUITest.java:18)
	at java.util.concurrent.ThreadPoolExecutor$Worker.runTask(ThreadPoolExecutor.java:886)
	at java.util.concurrent.ThreadPoolExecutor$Worker.run(ThreadPoolExecutor.java:908)
	at java.lang.Thread.run(Thread.java:680)
Caused by: org.openqa.selenium.remote.ScreenshotException: Screen shot has been taken
Build info: version: '2.24.1', revision: '17205', time: '2012-06-19 15:28:49'
System info: os.name: 'Mac OS X', os.arch: 'x86_64', os.version: '10.6.8', java.version: '1.6.0_33'
Driver info: driver.version: RemoteWebDriver
	at org.openqa.selenium.remote.ErrorHandler.throwIfResponseFailed(ErrorHandler.java:99)
	... 26 more
Caused by: org.openqa.selenium.InvalidSelectorException: The given selector //button[@type='submit'] is either invalid or does not result in a WebElement. The following error occurred:
[Exception... "An invalid or illegal string was specified"  code: "12" nsresult: "0x8053000c (NS_ERROR_DOM_SYNTAX_ERR)"  location: "file:///C:/Users/ADMINI~1/AppData/Local/Temp/anonymous1625410346955330381webdriver-profile/extensions/fxdriver@googlecode.com/components/driver_component.js Line: 5993"]
Command duration or timeout: 15 milliseconds
For documentation on this error, please visit: http://seleniumhq.org/exceptions/invalid_selector_exception.html
Build info: version: '2.25.0', revision: '17482', time: '2012-07-18 21:08:56'
System info: os.name: 'Windows Server 2008 R2', os.arch: 'amd64', os.version: '6.1', java.version: '1.6.0_25'
Driver info: driver.version: EventFiringWebDriver
Session ID: 04c6e461-94a6-4de3-a58b-5696b0abdf0f
For documentation on this error, please visit: http://seleniumhq.org/exceptions/invalid_selector_exception.html
Build info: version: '2.24.1', revision: '17205', time: '2012-06-19 15:28:49'
System info: os.name: 'Mac OS X', os.arch: 'x86_64', os.version: '10.6.8', java.version: '1.6.0_33'
Driver info: driver.version: EventFiringWebDriver
	at org.openqa.selenium.remote.ErrorHandler.createThrowable(ErrorHandler.java:188)
	at org.openqa.selenium.remote.ErrorHandler.throwIfResponseFailed(ErrorHandler.java:145)
	at org.openqa.selenium.remote.RemoteWebDriver.execute(RemoteWebDriver.java:498)
	at org.openqa.selenium.remote.RemoteWebDriver.findElement(RemoteWebDriver.java:268)
	at org.openqa.selenium.remote.RemoteWebDriver.findElementByCssSelector(RemoteWebDriver.java:345)
	at org.openqa.selenium.By$ByCssSelector.findElement(By.java:406)
	at org.openqa.selenium.remote.RemoteWebDriver.findElement(RemoteWebDriver.java:260)
	at org.openqa.selenium.support.events.EventFiringWebDriver$2.invoke(EventFiringWebDriver.java:101)
	at $Proxy1.findElement(Unknown Source)
	at org.openqa.selenium.support.events.EventFiringWebDriver.findElement(EventFiringWebDriver.java:180)
	at org.openqa.selenium.remote.server.handler.FindElement.call(FindElement.java:47)
	at org.openqa.selenium.remote.server.handler.FindElement.call(FindElement.java:1)
	at java.util.concurrent.FutureTask$Sync.innerRun(FutureTask.java:303)
	at java.util.concurrent.FutureTask.run(FutureTask.java:138)
	at org.openqa.selenium.remote.server.DefaultSession$1.run(DefaultSession.java:150)
	at java.util.concurrent.ThreadPoolExecutor$Worker.runTask(ThreadPoolExecutor.java:886)
	at java.util.concurrent.ThreadPoolExecutor$Worker.run(ThreadPoolExecutor.java:908)
	at java.lang.Thread.run(Thread.java:662)
... Removed 23 stack frames]]>
    </failure>
  </testcase>
  <testcase name="@BeforeMethod getToPage1" time="0.0" classname="com.qmetric.tests.PageOneUITest">
    <skipped/>
  </testcase>
  <testcase name="@BeforeMethod getToPage1" time="0.0" classname="com.qmetric.tests.PageOneUITest">
    <skipped/>
  </testcase>
  <testcase name="@BeforeMethod getToPage1" time="0.0" classname="com.qmetric.tests.PageOneUITest">
    <skipped/>
  </testcase>
  <testcase name="@BeforeMethod getToPage1" time="0.0" classname="com.qmetric.tests.PageOneUITest">
    <skipped/>
  </testcase>
  <testcase name="testPageTitle" time="0.078" classname="com.qmetric.tests.LandingPageTest"/>
  <testcase name="testAddressSearch" time="0.0" classname="com.qmetric.tests.PageOneUITest">
    <skipped/>
  </testcase>
  <testcase name="testPropertyTypeDropDowns" time="0.0" classname="com.qmetric.tests.PageOneUITest">
    <skipped/>
  </testcase>
  <testcase name="testAddressSearchValidationText" time="0.0" classname="com.qmetric.tests.PageOneUITest">
    <skipped/>
  </testcase>
  <testcase name="testPageTitle" time="0.0" classname="com.qmetric.tests.PageOneUITest">
    <skipped/>
  </testcase>
  <testcase name="testAddressManualEdit" time="0.0" classname="com.qmetric.tests.PageOneUITest">
    <skipped/>
  </testcase>
</testsuite>
