<?xml version="1.0" encoding="UTF-8"?>
<testsuite hostname="Oliver-Brays-iMac.local" name="com.qmetric.tests.PageOneUITest" tests="5" failures="0" timestamp="24 Jul 2012 14:04:55 GMT" time="43.181" errors="0">
  <testcase name="testAddressSearch" time="7.876" classname="com.qmetric.tests.PageOneUITest"/>
  <testcase name="testPropertyTypeDropDowns" time="15.059" classname="com.qmetric.tests.PageOneUITest"/>
  <testcase name="testAddressSearchValidationText" time="2.329" classname="com.qmetric.tests.PageOneUITest"/>
  <testcase name="testPageTitle" time="2.22" classname="com.qmetric.tests.PageOneUITest"/>
  <testcase name="testAddressManualEdit" time="6.067" classname="com.qmetric.tests.PageOneUITest"/>
</testsuite>
