<?xml version="1.0" encoding="UTF-8"?>
<testsuite hostname="Oliver-Brays-iMac.local" name="com.qmetric.tests.LandingPageTest" tests="6" failures="0" timestamp="3 Aug 2012 14:20:21 GMT" time="0.434" errors="0">
  <testcase name="@BeforeClass setUp" time="0.0" classname="com.qmetric.tests.LandingPageTest">
    <failure type="org.openqa.selenium.WebDriverException" message="java.net.SocketException: Host is down
Build info: version: &amp;apos;2.24.1&amp;apos;, revision: &amp;apos;17205&amp;apos;, time: &amp;apos;2012-06-19 15:28:49&amp;apos;
System info: os.name: &amp;apos;Mac OS X&amp;apos;, os.arch: &amp;apos;x86_64&amp;apos;, os.version: &amp;apos;10.6.8&amp;apos;, java.version: &amp;apos;1.6.0_33&amp;apos;
Driver info: driver.version: RemoteWebDriver">
      <![CDATA[org.openqa.selenium.WebDriverException: java.net.SocketException: Host is down
Build info: version: '2.24.1', revision: '17205', time: '2012-06-19 15:28:49'
System info: os.name: 'Mac OS X', os.arch: 'x86_64', os.version: '10.6.8', java.version: '1.6.0_33'
Driver info: driver.version: RemoteWebDriver
	at org.openqa.selenium.remote.RemoteWebDriver.execute(RemoteWebDriver.java:406)
	at org.openqa.selenium.remote.RemoteWebDriver.startSession(RemoteWebDriver.java:108)
	at org.openqa.selenium.remote.RemoteWebDriver.<init>(RemoteWebDriver.java:86)
	at org.openqa.selenium.remote.RemoteWebDriver.<init>(RemoteWebDriver.java:94)
	at com.qmetric.utility.AbstractTest.setUp(AbstractTest.java:40)
	at java.util.concurrent.ThreadPoolExecutor$Worker.runTask(ThreadPoolExecutor.java:886)
	at java.util.concurrent.ThreadPoolExecutor$Worker.run(ThreadPoolExecutor.java:908)
	at java.lang.Thread.run(Thread.java:680)
Caused by: java.net.SocketException: Host is down
	at java.net.PlainSocketImpl.socketConnect(Native Method)
	at java.net.PlainSocketImpl.doConnect(PlainSocketImpl.java:351)
	at java.net.PlainSocketImpl.connectToAddress(PlainSocketImpl.java:213)
	at java.net.PlainSocketImpl.connect(PlainSocketImpl.java:200)
	at java.net.SocksSocketImpl.connect(SocksSocketImpl.java:432)
	at java.net.Socket.connect(Socket.java:529)
	at org.openqa.selenium.remote.ReusingSocketSocketFactory.connectSocket(ReusingSocketSocketFactory.java:122)
	at org.apache.http.conn.scheme.SchemeSocketFactoryAdaptor.connectSocket(SchemeSocketFactoryAdaptor.java:62)
	at org.apache.http.impl.conn.DefaultClientConnectionOperator.openConnection(DefaultClientConnectionOperator.java:148)
	at org.apache.http.impl.conn.AbstractPoolEntry.open(AbstractPoolEntry.java:149)
	at org.apache.http.impl.conn.AbstractPooledConnAdapter.open(AbstractPooledConnAdapter.java:121)
	at org.apache.http.impl.client.DefaultRequestDirector.tryConnect(DefaultRequestDirector.java:573)
	at org.apache.http.impl.client.DefaultRequestDirector.execute(DefaultRequestDirector.java:425)
	at org.apache.http.impl.client.AbstractHttpClient.execute(AbstractHttpClient.java:820)
	at org.openqa.selenium.remote.HttpCommandExecutor.fallBackExecute(HttpCommandExecutor.java:284)
	at org.openqa.selenium.remote.HttpCommandExecutor.execute(HttpCommandExecutor.java:264)
	at org.openqa.selenium.remote.RemoteWebDriver.execute(RemoteWebDriver.java:389)
	... 17 more
... Removed 10 stack frames]]>
    </failure>
  </testcase>
  <testcase name="@BeforeClass setUp" time="0.0" classname="com.qmetric.tests.PageOneUITest">
    <failure type="org.openqa.selenium.WebDriverException" message="java.net.SocketException: Host is down
Build info: version: &amp;apos;2.24.1&amp;apos;, revision: &amp;apos;17205&amp;apos;, time: &amp;apos;2012-06-19 15:28:49&amp;apos;
System info: os.name: &amp;apos;Mac OS X&amp;apos;, os.arch: &amp;apos;x86_64&amp;apos;, os.version: &amp;apos;10.6.8&amp;apos;, java.version: &amp;apos;1.6.0_33&amp;apos;
Driver info: driver.version: RemoteWebDriver">
      <![CDATA[org.openqa.selenium.WebDriverException: java.net.SocketException: Host is down
Build info: version: '2.24.1', revision: '17205', time: '2012-06-19 15:28:49'
System info: os.name: 'Mac OS X', os.arch: 'x86_64', os.version: '10.6.8', java.version: '1.6.0_33'
Driver info: driver.version: RemoteWebDriver
	at org.openqa.selenium.remote.RemoteWebDriver.execute(RemoteWebDriver.java:406)
	at org.openqa.selenium.remote.RemoteWebDriver.startSession(RemoteWebDriver.java:108)
	at org.openqa.selenium.remote.RemoteWebDriver.<init>(RemoteWebDriver.java:86)
	at org.openqa.selenium.remote.RemoteWebDriver.<init>(RemoteWebDriver.java:94)
	at com.qmetric.utility.AbstractTest.setUp(AbstractTest.java:40)
	at java.util.concurrent.ThreadPoolExecutor$Worker.runTask(ThreadPoolExecutor.java:886)
	at java.util.concurrent.ThreadPoolExecutor$Worker.run(ThreadPoolExecutor.java:908)
	at java.lang.Thread.run(Thread.java:680)
Caused by: java.net.SocketException: Host is down
	at java.net.PlainSocketImpl.socketConnect(Native Method)
	at java.net.PlainSocketImpl.doConnect(PlainSocketImpl.java:351)
	at java.net.PlainSocketImpl.connectToAddress(PlainSocketImpl.java:213)
	at java.net.PlainSocketImpl.connect(PlainSocketImpl.java:200)
	at java.net.SocksSocketImpl.connect(SocksSocketImpl.java:432)
	at java.net.Socket.connect(Socket.java:529)
	at org.openqa.selenium.remote.ReusingSocketSocketFactory.connectSocket(ReusingSocketSocketFactory.java:122)
	at org.apache.http.conn.scheme.SchemeSocketFactoryAdaptor.connectSocket(SchemeSocketFactoryAdaptor.java:62)
	at org.apache.http.impl.conn.DefaultClientConnectionOperator.openConnection(DefaultClientConnectionOperator.java:148)
	at org.apache.http.impl.conn.AbstractPoolEntry.open(AbstractPoolEntry.java:149)
	at org.apache.http.impl.conn.AbstractPooledConnAdapter.open(AbstractPooledConnAdapter.java:121)
	at org.apache.http.impl.client.DefaultRequestDirector.tryConnect(DefaultRequestDirector.java:573)
	at org.apache.http.impl.client.DefaultRequestDirector.execute(DefaultRequestDirector.java:425)
	at org.apache.http.impl.client.AbstractHttpClient.execute(AbstractHttpClient.java:820)
	at org.openqa.selenium.remote.HttpCommandExecutor.fallBackExecute(HttpCommandExecutor.java:284)
	at org.openqa.selenium.remote.HttpCommandExecutor.execute(HttpCommandExecutor.java:264)
	at org.openqa.selenium.remote.RemoteWebDriver.execute(RemoteWebDriver.java:389)
	... 17 more
... Removed 10 stack frames]]>
    </failure>
  </testcase>
  <testcase name="@BeforeMethod getToPage1" time="0.0" classname="com.qmetric.tests.PageOneUITest">
    <skipped/>
  </testcase>
  <testcase name="@BeforeMethod getToLandingPage" time="0.0" classname="com.qmetric.tests.LandingPageTest">
    <skipped/>
  </testcase>
  <testcase name="@AfterClass tearDown" time="0.0" classname="com.qmetric.tests.LandingPageTest">
    <skipped/>
  </testcase>
  <testcase name="@BeforeMethod getToPage1" time="0.0" classname="com.qmetric.tests.PageOneUITest">
    <skipped/>
  </testcase>
  <testcase name="@BeforeMethod getToPage1" time="0.0" classname="com.qmetric.tests.PageOneUITest">
    <skipped/>
  </testcase>
  <testcase name="@BeforeMethod getToPage1" time="0.0" classname="com.qmetric.tests.PageOneUITest">
    <skipped/>
  </testcase>
  <testcase name="@BeforeMethod getToPage1" time="0.0" classname="com.qmetric.tests.PageOneUITest">
    <skipped/>
  </testcase>
  <testcase name="@AfterClass tearDown" time="0.0" classname="com.qmetric.tests.PageOneUITest">
    <skipped/>
  </testcase>
  <testcase name="testPageTitle" time="0.0" classname="com.qmetric.tests.LandingPageTest">
    <skipped/>
  </testcase>
  <testcase name="testAddressSearch" time="0.0010" classname="com.qmetric.tests.PageOneUITest">
    <skipped/>
  </testcase>
  <testcase name="testPropertyTypeDropDowns" time="0.0" classname="com.qmetric.tests.PageOneUITest">
    <skipped/>
  </testcase>
  <testcase name="testAddressSearchValidationText" time="0.0" classname="com.qmetric.tests.PageOneUITest">
    <skipped/>
  </testcase>
  <testcase name="testPageTitle" time="0.0010" classname="com.qmetric.tests.PageOneUITest">
    <skipped/>
  </testcase>
  <testcase name="testAddressManualEdit" time="0.0" classname="com.qmetric.tests.PageOneUITest">
    <skipped/>
  </testcase>
</testsuite>
