<html>
<head>
<title>TestNG:  GoogleChrome</title>
<link href="../testng.css" rel="stylesheet" type="text/css" />
<link href="../my-testng.css" rel="stylesheet" type="text/css" />

<style type="text/css">
.log { display: none;} 
.stack-trace { display: none;} 
</style>
<script type="text/javascript">
<!--
function flip(e) {
  current = e.style.display;
  if (current == 'block') {
    e.style.display = 'none';
    return 0;
  }
  else {
    e.style.display = 'block';
    return 1;
  }
}

function toggleBox(szDivId, elem, msg1, msg2)
{
  var res = -1;  if (document.getElementById) {
    res = flip(document.getElementById(szDivId));
  }
  else if (document.all) {
    // this is the way old msie versions work
    res = flip(document.all[szDivId]);
  }
  if(elem) {
    if(res == 0) elem.innerHTML = msg1; else elem.innerHTML = msg2;
  }

}

function toggleAllBoxes() {
  if (document.getElementsByTagName) {
    d = document.getElementsByTagName('div');
    for (i = 0; i < d.length; i++) {
      if (d[i].className == 'log') {
        flip(d[i]);
      }
    }
  }
}

// -->
</script>

</head>
<body>
<h2 align='center'>GoogleChrome</h2><table border='1' align="center">
<tr>
<td>Tests passed/Failed/Skipped:</td><td>0/0/6</td>
</tr><tr>
<td>Started on:</td><td>Fri Jul 27 15:55:23 BST 2012</td>
</tr>
<tr><td>Total time:</td><td>0 seconds (27 ms)</td>
</tr><tr>
<td>Included groups:</td><td></td>
</tr><tr>
<td>Excluded groups:</td><td></td>
</tr>
</table><p/>
<small><i>(Hover the method name to see the test class name)</i></small><p/>
<table width='100%' border='1' class='invocation-failed'>
<tr><td colspan='4' align='center'><b>FAILED CONFIGURATIONS</b></td></tr>
<tr><td><b>Test method</b></td>
<td width="30%"><b>Exception</b></td>
<td width="10%"><b>Time (seconds)</b></td>
<td><b>Instance</b></td>
</tr>
<tr>
<td title='com.qmetric.tests.LandingPageTest.setUp()'><b>setUp</b><br>Test class: com.qmetric.tests.LandingPageTest</td>
<td><div><pre>org.testng.TestNGException: 
Parameter &apos;browserVersion&apos; is required by @Configuration on method setUp
but has not been marked @Optional or defined in /Users/oliverbray/projects/olly-selenium/functional-tests/src/test/resources/local-profile.xml
	at java.util.concurrent.ThreadPoolExecutor$Worker.runTask(ThreadPoolExecutor.java:886)
	at java.util.concurrent.ThreadPoolExecutor$Worker.run(ThreadPoolExecutor.java:908)
	at java.lang.Thread.run(Thread.java:680)
... Removed 7 stack frames</pre></div><a href='#' onClick='toggleBox("stack-trace1232704349", this, "Click to show all stack frames", "Click to hide stack frames")'>Click to show all stack frames</a>
<div class='stack-trace' id='stack-trace1232704349'><pre>org.testng.TestNGException: 
Parameter 'browserVersion' is required by @Configuration on method setUp
but has not been marked @Optional or defined in /Users/oliverbray/projects/olly-selenium/functional-tests/src/test/resources/local-profile.xml
	at org.testng.internal.Parameters.createParameters(Parameters.java:144)
	at org.testng.internal.Parameters.createParameters(Parameters.java:342)
	at org.testng.internal.Parameters.createConfigurationParameters(Parameters.java:78)
	at org.testng.internal.Invoker.invokeConfigurations(Invoker.java:190)
	at org.testng.internal.Invoker.invokeConfigurations(Invoker.java:130)
	at org.testng.internal.TestMethodWorker.invokeBeforeClassMethods(TestMethodWorker.java:173)
	at org.testng.internal.TestMethodWorker.run(TestMethodWorker.java:105)
	at java.util.concurrent.ThreadPoolExecutor$Worker.runTask(ThreadPoolExecutor.java:886)
	at java.util.concurrent.ThreadPoolExecutor$Worker.run(ThreadPoolExecutor.java:908)
	at java.lang.Thread.run(Thread.java:680)
</pre></div></td>
<td>0</td>
<td>com.qmetric.tests.LandingPageTest@3af42ad0</td></tr>
<tr>
<td title='com.qmetric.tests.PageOneUITest.setUp()'><b>setUp</b><br>Test class: com.qmetric.tests.PageOneUITest</td>
<td><div><pre>org.testng.TestNGException: 
Parameter &apos;browserVersion&apos; is required by @Configuration on method setUp
but has not been marked @Optional or defined in /Users/oliverbray/projects/olly-selenium/functional-tests/src/test/resources/local-profile.xml
	at java.util.concurrent.ThreadPoolExecutor$Worker.runTask(ThreadPoolExecutor.java:886)
	at java.util.concurrent.ThreadPoolExecutor$Worker.run(ThreadPoolExecutor.java:908)
	at java.lang.Thread.run(Thread.java:680)
... Removed 7 stack frames</pre></div><a href='#' onClick='toggleBox("stack-trace1287251034", this, "Click to show all stack frames", "Click to hide stack frames")'>Click to show all stack frames</a>
<div class='stack-trace' id='stack-trace1287251034'><pre>org.testng.TestNGException: 
Parameter 'browserVersion' is required by @Configuration on method setUp
but has not been marked @Optional or defined in /Users/oliverbray/projects/olly-selenium/functional-tests/src/test/resources/local-profile.xml
	at org.testng.internal.Parameters.createParameters(Parameters.java:144)
	at org.testng.internal.Parameters.createParameters(Parameters.java:342)
	at org.testng.internal.Parameters.createConfigurationParameters(Parameters.java:78)
	at org.testng.internal.Invoker.invokeConfigurations(Invoker.java:190)
	at org.testng.internal.Invoker.invokeConfigurations(Invoker.java:130)
	at org.testng.internal.TestMethodWorker.invokeBeforeClassMethods(TestMethodWorker.java:173)
	at org.testng.internal.TestMethodWorker.run(TestMethodWorker.java:105)
	at java.util.concurrent.ThreadPoolExecutor$Worker.runTask(ThreadPoolExecutor.java:886)
	at java.util.concurrent.ThreadPoolExecutor$Worker.run(ThreadPoolExecutor.java:908)
	at java.lang.Thread.run(Thread.java:680)
</pre></div></td>
<td>0</td>
<td>com.qmetric.tests.PageOneUITest@7426dbec</td></tr>
</table><p>
<table width='100%' border='1' class='invocation-skipped'>
<tr><td colspan='4' align='center'><b>SKIPPED CONFIGURATIONS</b></td></tr>
<tr><td><b>Test method</b></td>
<td width="30%"><b>Exception</b></td>
<td width="10%"><b>Time (seconds)</b></td>
<td><b>Instance</b></td>
</tr>
<tr>
<td title='com.qmetric.tests.PageOneUITest.getToPage1()'><b>getToPage1</b><br>Test class: com.qmetric.tests.PageOneUITest</td>
<td></td>
<td>0</td>
<td>com.qmetric.tests.PageOneUITest@7426dbec</td></tr>
<tr>
<td title='com.qmetric.tests.LandingPageTest.getToLandingPage()'><b>getToLandingPage</b><br>Test class: com.qmetric.tests.LandingPageTest</td>
<td></td>
<td>0</td>
<td>com.qmetric.tests.LandingPageTest@3af42ad0</td></tr>
<tr>
<td title='com.qmetric.tests.PageOneUITest.getToPage1()'><b>getToPage1</b><br>Test class: com.qmetric.tests.PageOneUITest</td>
<td></td>
<td>0</td>
<td>com.qmetric.tests.PageOneUITest@7426dbec</td></tr>
<tr>
<td title='com.qmetric.tests.PageOneUITest.getToPage1()'><b>getToPage1</b><br>Test class: com.qmetric.tests.PageOneUITest</td>
<td></td>
<td>0</td>
<td>com.qmetric.tests.PageOneUITest@7426dbec</td></tr>
<tr>
<td title='com.qmetric.tests.PageOneUITest.getToPage1()'><b>getToPage1</b><br>Test class: com.qmetric.tests.PageOneUITest</td>
<td></td>
<td>0</td>
<td>com.qmetric.tests.PageOneUITest@7426dbec</td></tr>
<tr>
<td title='com.qmetric.tests.PageOneUITest.getToPage1()'><b>getToPage1</b><br>Test class: com.qmetric.tests.PageOneUITest</td>
<td></td>
<td>0</td>
<td>com.qmetric.tests.PageOneUITest@7426dbec</td></tr>
<tr>
<td title='com.qmetric.tests.LandingPageTest.tearDown()'><b>tearDown</b><br>Test class: com.qmetric.tests.LandingPageTest</td>
<td></td>
<td>0</td>
<td>com.qmetric.tests.LandingPageTest@3af42ad0</td></tr>
<tr>
<td title='com.qmetric.tests.PageOneUITest.tearDown()'><b>tearDown</b><br>Test class: com.qmetric.tests.PageOneUITest</td>
<td></td>
<td>0</td>
<td>com.qmetric.tests.PageOneUITest@7426dbec</td></tr>
</table><p>
<table width='100%' border='1' class='invocation-skipped'>
<tr><td colspan='4' align='center'><b>SKIPPED TESTS</b></td></tr>
<tr><td><b>Test method</b></td>
<td width="30%"><b>Exception</b></td>
<td width="10%"><b>Time (seconds)</b></td>
<td><b>Instance</b></td>
</tr>
<tr>
<td title='com.qmetric.tests.PageOneUITest.testAddressManualEdit()'><b>testAddressManualEdit</b><br>Test class: com.qmetric.tests.PageOneUITest</td>
<td></td>
<td>0</td>
<td>com.qmetric.tests.PageOneUITest@7426dbec</td></tr>
<tr>
<td title='com.qmetric.tests.PageOneUITest.testAddressSearch()'><b>testAddressSearch</b><br>Test class: com.qmetric.tests.PageOneUITest</td>
<td></td>
<td>0</td>
<td>com.qmetric.tests.PageOneUITest@7426dbec</td></tr>
<tr>
<td title='com.qmetric.tests.PageOneUITest.testAddressSearchValidationText()'><b>testAddressSearchValidationText</b><br>Test class: com.qmetric.tests.PageOneUITest</td>
<td></td>
<td>0</td>
<td>com.qmetric.tests.PageOneUITest@7426dbec</td></tr>
<tr>
<td title='com.qmetric.tests.LandingPageTest.testPageTitle()'><b>testPageTitle</b><br>Test class: com.qmetric.tests.LandingPageTest</td>
<td></td>
<td>0</td>
<td>com.qmetric.tests.LandingPageTest@3af42ad0</td></tr>
<tr>
<td title='com.qmetric.tests.PageOneUITest.testPageTitle()'><b>testPageTitle</b><br>Test class: com.qmetric.tests.PageOneUITest</td>
<td></td>
<td>0</td>
<td>com.qmetric.tests.PageOneUITest@7426dbec</td></tr>
<tr>
<td title='com.qmetric.tests.PageOneUITest.testPropertyTypeDropDowns()'><b>testPropertyTypeDropDowns</b><br>Test class: com.qmetric.tests.PageOneUITest</td>
<td></td>
<td>0</td>
<td>com.qmetric.tests.PageOneUITest@7426dbec</td></tr>
</table><p>
</body>
</html>