<?xml version="1.0" encoding="UTF-8"?>
<testsuite hostname="Oliver-Brays-iMac.local" name="com.qmetric.tests.LandingPageTest" tests="6" failures="0" timestamp="14 Aug 2012 13:16:24 GMT" time="21.709" errors="0">
  <testcase name="testAddressSearch" time="0.932" classname="com.qmetric.tests.PageOneUITest"/>
  <testcase name="testPropertyTypeDropDowns" time="3.096" classname="com.qmetric.tests.PageOneUITest"/>
  <testcase name="testAddressSearchValidationText" time="0.254" classname="com.qmetric.tests.PageOneUITest"/>
  <testcase name="testPageTitle" time="0.056" classname="com.qmetric.tests.PageOneUITest"/>
  <testcase name="testAddressManualEdit" time="2.928" classname="com.qmetric.tests.PageOneUITest"/>
  <testcase name="testPageTitle" time="0.064" classname="com.qmetric.tests.LandingPageTest"/>
</testsuite>
